#
# A fatal error has been detected by the Java Runtime Environment:
#
#  EXCEPTION_ACCESS_VIOLATION (0xc0000005) at pc=0x00007fff51f8d692, pid=12252, tid=17788
#
# JRE version: OpenJDK Runtime Environment JBR-21.0.7+6-1020.35-nomod (21.0.7+6) (build 21.0.7+6-b1020.35)
# Java VM: OpenJDK 64-Bit Server VM JBR-21.0.7+6-1020.35-nomod (21.0.7+6-b1020.35, mixed mode, sharing, tiered, compressed oops, compressed class ptrs, g1 gc, windows-amd64)
# Problematic frame:
# V  [jvm.dll+0x8d692]  Node::add_out+0x32
#
# No core dump will be written. Minidumps are not enabled by default on client versions of Windows
#
# If you would like to submit a bug report, please visit:
#   https://youtrack.jetbrains.com/issues/JBR
#

---------------  S U M M A R Y ------------

Command Line: -agentlib:jdwp=transport=dt_socket,address=127.0.0.1:50773,suspend=y,server=n -javaagent:C:\Users\LukynkaCZE\AppData\Local\JetBrains\IdeaIC2025.1\captureAgent\debugger-agent.jar=file:///C:/Users/LUKYNK~1/AppData/Local/Temp/capture16673521832099126444.props -XX:+EnableDynamicAgentLoading -XX:+AllowEnhancedClassRedefinition -javaagent:C:/Users/LukynkaCZE/scoop/apps/gradle/current/.gradle/caches/modules-2/files-2.1/org.jetbrains.kotlinx/kotlinx-coroutines-core-jvm/1.10.1/fe066928754beda3d59c8282e04289546465a360/kotlinx-coroutines-core-jvm-1.10.1.jar -Dkotlinx.coroutines.debug.enable.creation.stack.trace=false -Ddebugger.agent.enable.coroutines=true -Dkotlinx.coroutines.debug.enable.flows.stack.trace=true -Dkotlinx.coroutines.debug.enable.mutable.state.flows.stack.trace=true -Dfile.encoding=UTF-8 -Dsun.stdout.encoding=UTF-8 -Dsun.stderr.encoding=UTF-8 io.github.dockyardmc.MainKt

Host: Intel(R) Core(TM) i5-10400F CPU @ 2.90GHz, 12 cores, 15G,  Windows 11 , 64 bit Build 26100 (10.0.26100.5670)
Time: Mon Jul  7 20:20:40 2025 Central Europe Summer Time elapsed time: 0.453582 seconds (0d 0h 0m 0s)

---------------  T H R E A D  ---------------

Current thread (0x000002255a1634c0):  JavaThread "C2 CompilerThread1" daemon [_thread_in_native, id=17788, stack(0x000000af73f00000,0x000000af74000000) (1024K)]


Current CompileTask:
C2:453  277       4       jdk.internal.util.ArraysSupport::signedHashCode (37 bytes)

Stack: [0x000000af73f00000,0x000000af74000000],  sp=0x000000af73ffcf20,  free space=1011k
Native frames: (J=compiled Java code, j=interpreted, Vv=VM code, C=native code)
V  [jvm.dll+0x8d692]  Node::add_out+0x32  (node.hpp:505)
V  [jvm.dll+0x6bf75f]  Node::add_req+0x8f  (node.cpp:775)
V  [jvm.dll+0x66e234]  Matcher::find_shared+0x324  (matcher.cpp:2193)
V  [jvm.dll+0x672a39]  Matcher::match+0x549  (matcher.cpp:327)
V  [jvm.dll+0x25082f]  Compile::Code_Gen+0xbf  (compile.cpp:2918)
V  [jvm.dll+0x24ff81]  Compile::Compile+0xee1  (compile.cpp:885)
V  [jvm.dll+0x1cd774]  C2Compiler::compile_method+0xd4  (c2compiler.cpp:123)
V  [jvm.dll+0x25f80c]  CompileBroker::invoke_compiler_on_method+0x78c  (compileBroker.cpp:2326)
V  [jvm.dll+0x25dd33]  CompileBroker::compiler_thread_loop+0x393  (compileBroker.cpp:1990)
V  [jvm.dll+0x3ffd36]  JavaThread::run+0x116  (javaThread.cpp:702)
V  [jvm.dll+0x86c4f8]  Thread::call_run+0xc8  (thread.cpp:231)
V  [jvm.dll+0x6e4ded]  os::win32::thread_native_entry+0x7d  (os_windows.cpp:557)
C  [ucrtbase.dll+0x37b0]
C  [KERNEL32.DLL+0x2e8d7]
C  [ntdll.dll+0x128dc]


siginfo: EXCEPTION_ACCESS_VIOLATION (0xc0000005), reading address 0xffffffffffffffff


Registers:
RAX=0x0000000051f0ff40, RBX=0x00007fff52950f68, RCX=0x00007fff51f6cd20, RDX=0x000002255a2353a8
RSP=0x000000af73ffcf20, RBP=0x000000af73ffcfc9, RSI=0x0000000000000000, RDI=0x000002255a2353a8
R8 =0x0000000000000002, R9 =0x0000000000000000, R10=0x00007fffba720000, R11=0x000002255a235828
R12=0x00000000000000b1, R13=0x0000000000000000, R14=0x0000000000000000, R15=0x000000af73ffd420
RIP=0x00007fff51f8d692, EFLAGS=0x0000000000010216

XMM[0]=0x0000000000000000 0x0000000000000000
XMM[1]=0x000002255a1a3310 0x000002255a1a97a8
XMM[2]=0x000002255a1a3310 0x000002255a1a97a8
XMM[3]=0x0000000000000000 0x000000003f7fffef
XMM[4]=0x0000000000000000 0x0000000000000000
XMM[5]=0x000002255a235488 0x000002255a2356b8
XMM[6]=0x0000000000000000 0x0000000000000000
XMM[7]=0x0000000000000000 0x0000000000000000
XMM[8]=0x0000000000000000 0x0000000000000000
XMM[9]=0x0000000000000000 0x0000000000000000
XMM[10]=0x0000000000000000 0x0000000000000000
XMM[11]=0x0000000000000000 0x0000000000000000
XMM[12]=0x0000000000000000 0x0000000000000000
XMM[13]=0x0000000000000000 0x0000000000000000
XMM[14]=0x0000000000000000 0x0000000000000000
XMM[15]=0x0000000000000000 0x0000000000000000
  MXCSR=0x00001fa0


Register to memory mapping:

RAX=0x0000000051f0ff40 is an unknown value
RBX=0x00007fff52950f68 jvm.dll::Opaque1Node::`vftable' + 0x0
RCX=0x00007fff51f6cd20 jvm.dll::MachNode::requires_postalloc_expand + 0x0
RDX=0x000002255a2353a8 points into unknown readable memory: 0x00007fff52904498 | 98 44 90 52 ff 7f 00 00
RSP=0x000000af73ffcf20 is pointing into the stack for thread: 0x000002255a1634c0
RBP=0x000000af73ffcfc9 is pointing into the stack for thread: 0x000002255a1634c0
RSI=0x0 is null
RDI=0x000002255a2353a8 points into unknown readable memory: 0x00007fff52904498 | 98 44 90 52 ff 7f 00 00
R8 =0x0000000000000002 is an unknown value
R9 =0x0 is null
R10=0x00007fffba720000 VCRUNTIME140.dll
R11=0x000002255a235828 points into unknown readable memory: 0x00007fff52950f68 | 68 0f 95 52 ff 7f 00 00
R12=0x00000000000000b1 is an unknown value
R13=0x0 is null
R14=0x0 is null
R15=0x000000af73ffd420 is pointing into the stack for thread: 0x000002255a1634c0

Top of Stack: (sp=0x000000af73ffcf20)
0x000000af73ffcf20:   0000000000000003 000002255a2353a8
0x000000af73ffcf30:   000000af00000000 00007fff527ab57e
0x000000af73ffcf40:   00007fff52950f68 00007fff525bf75f
0x000000af73ffcf50:   000002255a2353a8 0000000000000000
0x000000af73ffcf60:   000000af73ffd420 0000000000000000
0x000000af73ffcf70:   000002255a2353a8 00007fff5256e234
0x000000af73ffcf80:   0000000000000003 000000000000007b
0x000000af73ffcf90:   0000000000000000 0000000000000000
0x000000af73ffcfa0:   000000af73ffd030 000000af73ffd038
0x000000af73ffcfb0:   000002255a2f9a80 000002255a2fb410
0x000000af73ffcfc0:   000002255a2f97f0 000002255a143ea0
0x000000af73ffcfd0:   0000000000000004 000002255a2fb410
0x000000af73ffcfe0:   00007fff00000004 000002255a143ea0
0x000000af73ffcff0:   000002255a2f9660 0000000000000000
0x000000af73ffd000:   0000000000000000 0000000000000180
0x000000af73ffd010:   0000000000000010 000000af73ffd420
0x000000af73ffd020:   000000af73ffd0b9 00007fff52572a39
0x000000af73ffd030:   000000af73ffd400 000000af73ffd0b9
0x000000af73ffd040:   000000000000000e 00007fff52b490d0
0x000000af73ffd050:   000002255a2f9610 0000000000000000
0x000000af73ffd060:   0000000000100000 0000000000000000
0x000000af73ffd070:   0000000000000000 0000000000000000
0x000000af73ffd080:   0000000000000000 0000000000000000
0x000000af73ffd090:   0000000000000000 0000000000000000
0x000000af73ffd0a0:   0000000000000000 0000000000000000
0x000000af73ffd0b0:   0000000000000000 0000000000000000
0x000000af73ffd0c0:   000000af73ffd4c8 0000000000000007
0x000000af73ffd0d0:   0000000000000000 0000000000000000
0x000000af73ffd0e0:   0000da03d0c9b8d4 00007fff5256c10e
0x000000af73ffd0f0:   0000000000000000 0000000080000000
0x000000af73ffd100:   00000225132a53b0 0000000000000000
0x000000af73ffd110:   000000af73ffd220 00007fff5215082f 

Instructions: (pc=0x00007fff51f8d692)
0x00007fff51f8d592:   00 00 00 48 89 03 c6 43 3c 00 c7 43 2c 08 00 00
0x00007fff51f8d5a2:   00 8b 4d 2c 83 e1 0f 80 f9 09 75 04 83 4b 30 40
0x00007fff51f8d5b2:   4c 89 23 0f 28 05 04 a2 bb 00 0f 11 43 40 0f 28
0x00007fff51f8d5c2:   0d 09 a2 bb 00 0f 11 4b 50 0f 28 05 0e a2 bb 00
0x00007fff51f8d5d2:   0f 11 43 60 0f 28 0d 13 a2 bb 00 0f 11 4b 70 0f
0x00007fff51f8d5e2:   28 05 18 a2 bb 00 0f 11 83 80 00 00 00 0f 28 0d
0x00007fff51f8d5f2:   1a a2 bb 00 0f 11 8b 90 00 00 00 c7 83 a0 00 00
0x00007fff51f8d602:   00 0f 00 00 00 c7 43 2c 08 02 00 00 eb 02 33 db
0x00007fff51f8d612:   8b 77 18 8d 46 01 89 47 18 3b 77 08 72 0a 8b d6
0x00007fff51f8d622:   48 8b cf e8 c6 37 63 00 48 8b 47 10 48 8b 7c 24
0x00007fff51f8d632:   58 48 89 1c f0 48 8b c5 48 8b 6c 24 48 48 8b 5c
0x00007fff51f8d642:   24 40 48 8b 74 24 50 48 83 c4 20 41 5f 41 5e 41
0x00007fff51f8d652:   5c c3 cc cc cc cc cc cc cc cc cc cc cc cc 48 89
0x00007fff51f8d662:   5c 24 08 57 48 83 ec 20 48 8b d9 48 8b fa 48 8b
0x00007fff51f8d672:   49 10 48 85 c9 74 20 8b 43 20 3b 43 24 75 11 8b
0x00007fff51f8d682:   d0 48 8b cb e8 65 49 63 00 8b 43 20 48 8b 4b 10
0x00007fff51f8d692:   48 89 3c c1 ff 43 20 48 8b 5c 24 30 48 83 c4 20
0x00007fff51f8d6a2:   5f c3 cc cc cc cc cc cc cc cc cc cc cc cc 48 89
0x00007fff51f8d6b2:   5c 24 08 57 48 83 ec 20 48 8b 01 48 8b d9 ff 90
0x00007fff51f8d6c2:   c8 00 00 00 8d 50 01 48 8b 43 08 48 8b 0c d0 48
0x00007fff51f8d6d2:   8b 01 ff 50 28 48 8b 13 48 8b cb 48 8b f8 ff 92
0x00007fff51f8d6e2:   c8 00 00 00 83 c0 02 39 43 18 77 0e 48 8b c7 48
0x00007fff51f8d6f2:   8b 5c 24 30 48 83 c4 20 5f c3 48 8b 03 48 8b cb
0x00007fff51f8d702:   ff 90 c8 00 00 00 8d 48 02 48 8b 43 08 48 8b 0c
0x00007fff51f8d712:   c8 48 8b 01 ff 50 28 45 33 c0 48 8b cf 48 8b d0
0x00007fff51f8d722:   48 8b 5c 24 30 48 83 c4 20 5f e9 4f 5f 7f 00 cc
0x00007fff51f8d732:   cc cc cc cc cc cc cc cc cc cc cc cc cc cc 48 8b
0x00007fff51f8d742:   41 60 c3 cc cc cc cc cc cc cc cc cc cc cc 48 8b
0x00007fff51f8d752:   41 70 c3 cc cc cc cc cc cc cc cc cc cc cc 8b 81
0x00007fff51f8d762:   a0 00 00 00 c3 cc cc cc cc cc cc cc cc cc 48 89
0x00007fff51f8d772:   5c 24 08 48 89 74 24 10 57 48 83 ec 20 49 8b f0
0x00007fff51f8d782:   8b da 48 8b f9 3b 51 08 72 07 8b d3 e8 5d 36 63 


Stack slot to memory mapping:

stack at sp + 0 slots: 0x0000000000000003 is an unknown value
stack at sp + 1 slots: 0x000002255a2353a8 points into unknown readable memory: 0x00007fff52904498 | 98 44 90 52 ff 7f 00 00
stack at sp + 2 slots: 0x000000af00000000 is an unknown value
stack at sp + 3 slots: 0x00007fff527ab57e jvm.dll::VectorSet::grow + 0x6e
stack at sp + 4 slots: 0x00007fff52950f68 jvm.dll::Opaque1Node::`vftable' + 0x0
stack at sp + 5 slots: 0x00007fff525bf75f jvm.dll::Node::add_req + 0x8f
stack at sp + 6 slots: 0x000002255a2353a8 points into unknown readable memory: 0x00007fff52904498 | 98 44 90 52 ff 7f 00 00
stack at sp + 7 slots: 0x0 is null


---------------  P R O C E S S  ---------------

Threads class SMR info:
_java_thread_list=0x000002255a376da0, length=16, elements={
0x0000022578d62170, 0x000002255a013f00, 0x000002255a014b60, 0x000002255a01adb0,
0x000002255a01bba0, 0x000002255a01c960, 0x000002255a01db60, 0x000002255a0211d0,
0x000002255a025b70, 0x00000225132a7a20, 0x000002255a1634c0, 0x000002255a2790e0,
0x000002255a27c6b0, 0x000002255a27d340, 0x000002255a33a270, 0x000002255b14b950
}

Java Threads: ( => current thread )
  0x0000022578d62170 JavaThread "main"                              [_thread_in_Java, id=2256, stack(0x000000af72e00000,0x000000af72f00000) (1024K)]
  0x000002255a013f00 JavaThread "Reference Handler"          daemon [_thread_blocked, id=19956, stack(0x000000af73600000,0x000000af73700000) (1024K)]
  0x000002255a014b60 JavaThread "Finalizer"                  daemon [_thread_blocked, id=16788, stack(0x000000af73700000,0x000000af73800000) (1024K)]
  0x000002255a01adb0 JavaThread "Signal Dispatcher"          daemon [_thread_blocked, id=18124, stack(0x000000af73800000,0x000000af73900000) (1024K)]
  0x000002255a01bba0 JavaThread "Attach Listener"            daemon [_thread_blocked, id=7056, stack(0x000000af73900000,0x000000af73a00000) (1024K)]
  0x000002255a01c960 JavaThread "Service Thread"             daemon [_thread_blocked, id=18252, stack(0x000000af73a00000,0x000000af73b00000) (1024K)]
  0x000002255a01db60 JavaThread "Monitor Deflation Thread"   daemon [_thread_blocked, id=19952, stack(0x000000af73b00000,0x000000af73c00000) (1024K)]
  0x000002255a0211d0 JavaThread "C2 CompilerThread0"         daemon [_thread_in_native, id=17952, stack(0x000000af73c00000,0x000000af73d00000) (1024K)]
  0x000002255a025b70 JavaThread "C1 CompilerThread0"         daemon [_thread_blocked, id=6384, stack(0x000000af73d00000,0x000000af73e00000) (1024K)]
  0x00000225132a7a20 JavaThread "Common-Cleaner"             daemon [_thread_blocked, id=16952, stack(0x000000af73e00000,0x000000af73f00000) (1024K)]
=>0x000002255a1634c0 JavaThread "C2 CompilerThread1"         daemon [_thread_in_native, id=17788, stack(0x000000af73f00000,0x000000af74000000) (1024K)]
  0x000002255a2790e0 JavaThread "JDWP Transport Listener: dt_socket" daemon [_thread_blocked, id=16740, stack(0x000000af74000000,0x000000af74100000) (1024K)]
  0x000002255a27c6b0 JavaThread "JDWP Event Helper Thread"   daemon [_thread_blocked, id=19320, stack(0x000000af74100000,0x000000af74200000) (1024K)]
  0x000002255a27d340 JavaThread "JDWP Command Reader"        daemon [_thread_in_native, id=16800, stack(0x000000af74200000,0x000000af74300000) (1024K)]
  0x000002255a33a270 JavaThread "IntelliJ Suspend Helper"    daemon [_thread_blocked, id=13344, stack(0x000000af74300000,0x000000af74400000) (1024K)]
  0x000002255b14b950 JavaThread "C2 CompilerThread2"         daemon [_thread_in_native, id=2448, stack(0x000000af74400000,0x000000af74500000) (1024K)]
Total: 16

Other Threads:
  0x000002257691deb0 VMThread "VM Thread"                           [id=2596, stack(0x000000af73500000,0x000000af73600000) (1024K)]
  0x00000225132a7190 WatcherThread "VM Periodic Task Thread"        [id=19100, stack(0x000000af73400000,0x000000af73500000) (1024K)]
  0x000002257691e250 WorkerThread "GC Thread#0"                     [id=7476, stack(0x000000af72f00000,0x000000af73000000) (1024K)]
  0x0000022578dda0e0 ConcurrentGCThread "G1 Main Marker"            [id=12496, stack(0x000000af73000000,0x000000af73100000) (1024K)]
  0x000002257691d770 WorkerThread "G1 Conc#0"                       [id=19244, stack(0x000000af73100000,0x000000af73200000) (1024K)]
  0x0000022578dfe430 ConcurrentGCThread "G1 Refine#0"               [id=19960, stack(0x000000af73200000,0x000000af73300000) (1024K)]
  0x0000022513162110 ConcurrentGCThread "G1 Service"                [id=20376, stack(0x000000af73300000,0x000000af73400000) (1024K)]
Total: 7

Threads with active compile tasks:
C2 CompilerThread0  597  278 %     4       java.lang.StringLatin1::replace @ 79 (198 bytes)
C2 CompilerThread1  597  277       4       jdk.internal.util.ArraysSupport::signedHashCode (37 bytes)
C2 CompilerThread2  597  331       4       java.lang.String::charAt (25 bytes)
Total: 3

VM state: not at safepoint (normal execution)

VM Mutex/Monitor currently owned by a thread: None

Heap address: 0x0000000701600000, size: 4074 MB, Compressed Oops mode: Zero based, Oop shift amount: 3

CDS archive(s) mapped at: [0x0000022514000000-0x0000022515bd0000-0x0000022515bd0000), size 29163520, SharedBaseAddress: 0x0000022514000000, ArchiveRelocationMode: 1.
Compressed class space mapped at: 0x0000022516000000-0x0000022556000000, reserved size: 1073741824
Narrow klass base: 0x0000022514000000, Narrow klass shift: 0, Narrow klass range: 0x100000000

GC Precious Log:
 CardTable entry size: 512
 Card Set container configuration: InlinePtr #cards 4 size 8 Array Of Cards #cards 16 size 48 Howl #buckets 8 coarsen threshold 3686 Howl Bitmap #cards 512 size 80 coarsen threshold 460 Card regions per heap region 1 cards per card region 4096
 CPUs: 12 total, 12 available
 Memory: 16292M
 Large Page Support: Disabled
 NUMA Support: Disabled
 Compressed Oops: Enabled (Zero based)
 Heap Region Size: 2M
 Heap Min Capacity: 8M
 Heap Initial Capacity: 256M
 Heap Max Capacity: 4074M
 Pre-touch: Disabled
 Parallel Workers: 10
 Concurrent Workers: 3
 Concurrent Refinement Workers: 10
 Periodic GC: Disabled

Heap:
 garbage-first heap   total 262144K, used 10240K [0x0000000701600000, 0x0000000800000000)
  region size 2048K, 5 young (10240K), 0 survivors (0K)
 Metaspace       used 3433K, committed 3584K, reserved 1114112K
  class space    used 289K, committed 384K, reserved 1048576K

Heap Regions: E=young(eden), S=young(survivor), O=old, HS=humongous(starts), HC=humongous(continues), CS=collection set, F=free, TAMS=top-at-mark-start, PB=parsable bottom
|   0|0x0000000701600000, 0x0000000701800000, 0x0000000701800000|100%|HS|  |TAMS 0x0000000701600000| PB 0x0000000701600000| Complete 
|   1|0x0000000701800000, 0x0000000701800000, 0x0000000701a00000|  0%| F|  |TAMS 0x0000000701800000| PB 0x0000000701800000| Untracked 
|   2|0x0000000701a00000, 0x0000000701a00000, 0x0000000701c00000|  0%| F|  |TAMS 0x0000000701a00000| PB 0x0000000701a00000| Untracked 
|   3|0x0000000701c00000, 0x0000000701c00000, 0x0000000701e00000|  0%| F|  |TAMS 0x0000000701c00000| PB 0x0000000701c00000| Untracked 
|   4|0x0000000701e00000, 0x0000000701e00000, 0x0000000702000000|  0%| F|  |TAMS 0x0000000701e00000| PB 0x0000000701e00000| Untracked 
|   5|0x0000000702000000, 0x0000000702000000, 0x0000000702200000|  0%| F|  |TAMS 0x0000000702000000| PB 0x0000000702000000| Untracked 
|   6|0x0000000702200000, 0x0000000702200000, 0x0000000702400000|  0%| F|  |TAMS 0x0000000702200000| PB 0x0000000702200000| Untracked 
|   7|0x0000000702400000, 0x0000000702400000, 0x0000000702600000|  0%| F|  |TAMS 0x0000000702400000| PB 0x0000000702400000| Untracked 
|   8|0x0000000702600000, 0x0000000702600000, 0x0000000702800000|  0%| F|  |TAMS 0x0000000702600000| PB 0x0000000702600000| Untracked 
|   9|0x0000000702800000, 0x0000000702800000, 0x0000000702a00000|  0%| F|  |TAMS 0x0000000702800000| PB 0x0000000702800000| Untracked 
|  10|0x0000000702a00000, 0x0000000702a00000, 0x0000000702c00000|  0%| F|  |TAMS 0x0000000702a00000| PB 0x0000000702a00000| Untracked 
|  11|0x0000000702c00000, 0x0000000702c00000, 0x0000000702e00000|  0%| F|  |TAMS 0x0000000702c00000| PB 0x0000000702c00000| Untracked 
|  12|0x0000000702e00000, 0x0000000702e00000, 0x0000000703000000|  0%| F|  |TAMS 0x0000000702e00000| PB 0x0000000702e00000| Untracked 
|  13|0x0000000703000000, 0x0000000703000000, 0x0000000703200000|  0%| F|  |TAMS 0x0000000703000000| PB 0x0000000703000000| Untracked 
|  14|0x0000000703200000, 0x0000000703200000, 0x0000000703400000|  0%| F|  |TAMS 0x0000000703200000| PB 0x0000000703200000| Untracked 
|  15|0x0000000703400000, 0x0000000703400000, 0x0000000703600000|  0%| F|  |TAMS 0x0000000703400000| PB 0x0000000703400000| Untracked 
|  16|0x0000000703600000, 0x0000000703600000, 0x0000000703800000|  0%| F|  |TAMS 0x0000000703600000| PB 0x0000000703600000| Untracked 
|  17|0x0000000703800000, 0x0000000703800000, 0x0000000703a00000|  0%| F|  |TAMS 0x0000000703800000| PB 0x0000000703800000| Untracked 
|  18|0x0000000703a00000, 0x0000000703a00000, 0x0000000703c00000|  0%| F|  |TAMS 0x0000000703a00000| PB 0x0000000703a00000| Untracked 
|  19|0x0000000703c00000, 0x0000000703c00000, 0x0000000703e00000|  0%| F|  |TAMS 0x0000000703c00000| PB 0x0000000703c00000| Untracked 
|  20|0x0000000703e00000, 0x0000000703e00000, 0x0000000704000000|  0%| F|  |TAMS 0x0000000703e00000| PB 0x0000000703e00000| Untracked 
|  21|0x0000000704000000, 0x0000000704000000, 0x0000000704200000|  0%| F|  |TAMS 0x0000000704000000| PB 0x0000000704000000| Untracked 
|  22|0x0000000704200000, 0x0000000704200000, 0x0000000704400000|  0%| F|  |TAMS 0x0000000704200000| PB 0x0000000704200000| Untracked 
|  23|0x0000000704400000, 0x0000000704400000, 0x0000000704600000|  0%| F|  |TAMS 0x0000000704400000| PB 0x0000000704400000| Untracked 
|  24|0x0000000704600000, 0x0000000704600000, 0x0000000704800000|  0%| F|  |TAMS 0x0000000704600000| PB 0x0000000704600000| Untracked 
|  25|0x0000000704800000, 0x0000000704800000, 0x0000000704a00000|  0%| F|  |TAMS 0x0000000704800000| PB 0x0000000704800000| Untracked 
|  26|0x0000000704a00000, 0x0000000704a00000, 0x0000000704c00000|  0%| F|  |TAMS 0x0000000704a00000| PB 0x0000000704a00000| Untracked 
|  27|0x0000000704c00000, 0x0000000704c00000, 0x0000000704e00000|  0%| F|  |TAMS 0x0000000704c00000| PB 0x0000000704c00000| Untracked 
|  28|0x0000000704e00000, 0x0000000704e00000, 0x0000000705000000|  0%| F|  |TAMS 0x0000000704e00000| PB 0x0000000704e00000| Untracked 
|  29|0x0000000705000000, 0x0000000705000000, 0x0000000705200000|  0%| F|  |TAMS 0x0000000705000000| PB 0x0000000705000000| Untracked 
|  30|0x0000000705200000, 0x0000000705200000, 0x0000000705400000|  0%| F|  |TAMS 0x0000000705200000| PB 0x0000000705200000| Untracked 
|  31|0x0000000705400000, 0x0000000705400000, 0x0000000705600000|  0%| F|  |TAMS 0x0000000705400000| PB 0x0000000705400000| Untracked 
|  32|0x0000000705600000, 0x0000000705600000, 0x0000000705800000|  0%| F|  |TAMS 0x0000000705600000| PB 0x0000000705600000| Untracked 
|  33|0x0000000705800000, 0x0000000705800000, 0x0000000705a00000|  0%| F|  |TAMS 0x0000000705800000| PB 0x0000000705800000| Untracked 
|  34|0x0000000705a00000, 0x0000000705a00000, 0x0000000705c00000|  0%| F|  |TAMS 0x0000000705a00000| PB 0x0000000705a00000| Untracked 
|  35|0x0000000705c00000, 0x0000000705c00000, 0x0000000705e00000|  0%| F|  |TAMS 0x0000000705c00000| PB 0x0000000705c00000| Untracked 
|  36|0x0000000705e00000, 0x0000000705e00000, 0x0000000706000000|  0%| F|  |TAMS 0x0000000705e00000| PB 0x0000000705e00000| Untracked 
|  37|0x0000000706000000, 0x0000000706000000, 0x0000000706200000|  0%| F|  |TAMS 0x0000000706000000| PB 0x0000000706000000| Untracked 
|  38|0x0000000706200000, 0x0000000706200000, 0x0000000706400000|  0%| F|  |TAMS 0x0000000706200000| PB 0x0000000706200000| Untracked 
|  39|0x0000000706400000, 0x0000000706400000, 0x0000000706600000|  0%| F|  |TAMS 0x0000000706400000| PB 0x0000000706400000| Untracked 
|  40|0x0000000706600000, 0x0000000706600000, 0x0000000706800000|  0%| F|  |TAMS 0x0000000706600000| PB 0x0000000706600000| Untracked 
|  41|0x0000000706800000, 0x0000000706800000, 0x0000000706a00000|  0%| F|  |TAMS 0x0000000706800000| PB 0x0000000706800000| Untracked 
|  42|0x0000000706a00000, 0x0000000706a00000, 0x0000000706c00000|  0%| F|  |TAMS 0x0000000706a00000| PB 0x0000000706a00000| Untracked 
|  43|0x0000000706c00000, 0x0000000706c00000, 0x0000000706e00000|  0%| F|  |TAMS 0x0000000706c00000| PB 0x0000000706c00000| Untracked 
|  44|0x0000000706e00000, 0x0000000706e00000, 0x0000000707000000|  0%| F|  |TAMS 0x0000000706e00000| PB 0x0000000706e00000| Untracked 
|  45|0x0000000707000000, 0x0000000707000000, 0x0000000707200000|  0%| F|  |TAMS 0x0000000707000000| PB 0x0000000707000000| Untracked 
|  46|0x0000000707200000, 0x0000000707200000, 0x0000000707400000|  0%| F|  |TAMS 0x0000000707200000| PB 0x0000000707200000| Untracked 
|  47|0x0000000707400000, 0x0000000707400000, 0x0000000707600000|  0%| F|  |TAMS 0x0000000707400000| PB 0x0000000707400000| Untracked 
|  48|0x0000000707600000, 0x0000000707600000, 0x0000000707800000|  0%| F|  |TAMS 0x0000000707600000| PB 0x0000000707600000| Untracked 
|  49|0x0000000707800000, 0x0000000707800000, 0x0000000707a00000|  0%| F|  |TAMS 0x0000000707800000| PB 0x0000000707800000| Untracked 
|  50|0x0000000707a00000, 0x0000000707a00000, 0x0000000707c00000|  0%| F|  |TAMS 0x0000000707a00000| PB 0x0000000707a00000| Untracked 
|  51|0x0000000707c00000, 0x0000000707c00000, 0x0000000707e00000|  0%| F|  |TAMS 0x0000000707c00000| PB 0x0000000707c00000| Untracked 
|  52|0x0000000707e00000, 0x0000000707e00000, 0x0000000708000000|  0%| F|  |TAMS 0x0000000707e00000| PB 0x0000000707e00000| Untracked 
|  53|0x0000000708000000, 0x0000000708000000, 0x0000000708200000|  0%| F|  |TAMS 0x0000000708000000| PB 0x0000000708000000| Untracked 
|  54|0x0000000708200000, 0x0000000708200000, 0x0000000708400000|  0%| F|  |TAMS 0x0000000708200000| PB 0x0000000708200000| Untracked 
|  55|0x0000000708400000, 0x0000000708400000, 0x0000000708600000|  0%| F|  |TAMS 0x0000000708400000| PB 0x0000000708400000| Untracked 
|  56|0x0000000708600000, 0x0000000708600000, 0x0000000708800000|  0%| F|  |TAMS 0x0000000708600000| PB 0x0000000708600000| Untracked 
|  57|0x0000000708800000, 0x0000000708800000, 0x0000000708a00000|  0%| F|  |TAMS 0x0000000708800000| PB 0x0000000708800000| Untracked 
|  58|0x0000000708a00000, 0x0000000708a00000, 0x0000000708c00000|  0%| F|  |TAMS 0x0000000708a00000| PB 0x0000000708a00000| Untracked 
|  59|0x0000000708c00000, 0x0000000708c00000, 0x0000000708e00000|  0%| F|  |TAMS 0x0000000708c00000| PB 0x0000000708c00000| Untracked 
|  60|0x0000000708e00000, 0x0000000708e00000, 0x0000000709000000|  0%| F|  |TAMS 0x0000000708e00000| PB 0x0000000708e00000| Untracked 
|  61|0x0000000709000000, 0x0000000709000000, 0x0000000709200000|  0%| F|  |TAMS 0x0000000709000000| PB 0x0000000709000000| Untracked 
|  62|0x0000000709200000, 0x0000000709200000, 0x0000000709400000|  0%| F|  |TAMS 0x0000000709200000| PB 0x0000000709200000| Untracked 
|  63|0x0000000709400000, 0x0000000709400000, 0x0000000709600000|  0%| F|  |TAMS 0x0000000709400000| PB 0x0000000709400000| Untracked 
|  64|0x0000000709600000, 0x0000000709600000, 0x0000000709800000|  0%| F|  |TAMS 0x0000000709600000| PB 0x0000000709600000| Untracked 
|  65|0x0000000709800000, 0x0000000709800000, 0x0000000709a00000|  0%| F|  |TAMS 0x0000000709800000| PB 0x0000000709800000| Untracked 
|  66|0x0000000709a00000, 0x0000000709a00000, 0x0000000709c00000|  0%| F|  |TAMS 0x0000000709a00000| PB 0x0000000709a00000| Untracked 
|  67|0x0000000709c00000, 0x0000000709c00000, 0x0000000709e00000|  0%| F|  |TAMS 0x0000000709c00000| PB 0x0000000709c00000| Untracked 
|  68|0x0000000709e00000, 0x0000000709e00000, 0x000000070a000000|  0%| F|  |TAMS 0x0000000709e00000| PB 0x0000000709e00000| Untracked 
|  69|0x000000070a000000, 0x000000070a000000, 0x000000070a200000|  0%| F|  |TAMS 0x000000070a000000| PB 0x000000070a000000| Untracked 
|  70|0x000000070a200000, 0x000000070a200000, 0x000000070a400000|  0%| F|  |TAMS 0x000000070a200000| PB 0x000000070a200000| Untracked 
|  71|0x000000070a400000, 0x000000070a400000, 0x000000070a600000|  0%| F|  |TAMS 0x000000070a400000| PB 0x000000070a400000| Untracked 
|  72|0x000000070a600000, 0x000000070a600000, 0x000000070a800000|  0%| F|  |TAMS 0x000000070a600000| PB 0x000000070a600000| Untracked 
|  73|0x000000070a800000, 0x000000070a800000, 0x000000070aa00000|  0%| F|  |TAMS 0x000000070a800000| PB 0x000000070a800000| Untracked 
|  74|0x000000070aa00000, 0x000000070aa00000, 0x000000070ac00000|  0%| F|  |TAMS 0x000000070aa00000| PB 0x000000070aa00000| Untracked 
|  75|0x000000070ac00000, 0x000000070ac00000, 0x000000070ae00000|  0%| F|  |TAMS 0x000000070ac00000| PB 0x000000070ac00000| Untracked 
|  76|0x000000070ae00000, 0x000000070ae00000, 0x000000070b000000|  0%| F|  |TAMS 0x000000070ae00000| PB 0x000000070ae00000| Untracked 
|  77|0x000000070b000000, 0x000000070b000000, 0x000000070b200000|  0%| F|  |TAMS 0x000000070b000000| PB 0x000000070b000000| Untracked 
|  78|0x000000070b200000, 0x000000070b200000, 0x000000070b400000|  0%| F|  |TAMS 0x000000070b200000| PB 0x000000070b200000| Untracked 
|  79|0x000000070b400000, 0x000000070b400000, 0x000000070b600000|  0%| F|  |TAMS 0x000000070b400000| PB 0x000000070b400000| Untracked 
|  80|0x000000070b600000, 0x000000070b600000, 0x000000070b800000|  0%| F|  |TAMS 0x000000070b600000| PB 0x000000070b600000| Untracked 
|  81|0x000000070b800000, 0x000000070b800000, 0x000000070ba00000|  0%| F|  |TAMS 0x000000070b800000| PB 0x000000070b800000| Untracked 
|  82|0x000000070ba00000, 0x000000070ba00000, 0x000000070bc00000|  0%| F|  |TAMS 0x000000070ba00000| PB 0x000000070ba00000| Untracked 
|  83|0x000000070bc00000, 0x000000070bc00000, 0x000000070be00000|  0%| F|  |TAMS 0x000000070bc00000| PB 0x000000070bc00000| Untracked 
|  84|0x000000070be00000, 0x000000070be00000, 0x000000070c000000|  0%| F|  |TAMS 0x000000070be00000| PB 0x000000070be00000| Untracked 
|  85|0x000000070c000000, 0x000000070c000000, 0x000000070c200000|  0%| F|  |TAMS 0x000000070c000000| PB 0x000000070c000000| Untracked 
|  86|0x000000070c200000, 0x000000070c200000, 0x000000070c400000|  0%| F|  |TAMS 0x000000070c200000| PB 0x000000070c200000| Untracked 
|  87|0x000000070c400000, 0x000000070c400000, 0x000000070c600000|  0%| F|  |TAMS 0x000000070c400000| PB 0x000000070c400000| Untracked 
|  88|0x000000070c600000, 0x000000070c600000, 0x000000070c800000|  0%| F|  |TAMS 0x000000070c600000| PB 0x000000070c600000| Untracked 
|  89|0x000000070c800000, 0x000000070c800000, 0x000000070ca00000|  0%| F|  |TAMS 0x000000070c800000| PB 0x000000070c800000| Untracked 
|  90|0x000000070ca00000, 0x000000070ca00000, 0x000000070cc00000|  0%| F|  |TAMS 0x000000070ca00000| PB 0x000000070ca00000| Untracked 
|  91|0x000000070cc00000, 0x000000070cc00000, 0x000000070ce00000|  0%| F|  |TAMS 0x000000070cc00000| PB 0x000000070cc00000| Untracked 
|  92|0x000000070ce00000, 0x000000070ce00000, 0x000000070d000000|  0%| F|  |TAMS 0x000000070ce00000| PB 0x000000070ce00000| Untracked 
|  93|0x000000070d000000, 0x000000070d000000, 0x000000070d200000|  0%| F|  |TAMS 0x000000070d000000| PB 0x000000070d000000| Untracked 
|  94|0x000000070d200000, 0x000000070d200000, 0x000000070d400000|  0%| F|  |TAMS 0x000000070d200000| PB 0x000000070d200000| Untracked 
|  95|0x000000070d400000, 0x000000070d400000, 0x000000070d600000|  0%| F|  |TAMS 0x000000070d400000| PB 0x000000070d400000| Untracked 
|  96|0x000000070d600000, 0x000000070d600000, 0x000000070d800000|  0%| F|  |TAMS 0x000000070d600000| PB 0x000000070d600000| Untracked 
|  97|0x000000070d800000, 0x000000070d800000, 0x000000070da00000|  0%| F|  |TAMS 0x000000070d800000| PB 0x000000070d800000| Untracked 
|  98|0x000000070da00000, 0x000000070da00000, 0x000000070dc00000|  0%| F|  |TAMS 0x000000070da00000| PB 0x000000070da00000| Untracked 
|  99|0x000000070dc00000, 0x000000070dc00000, 0x000000070de00000|  0%| F|  |TAMS 0x000000070dc00000| PB 0x000000070dc00000| Untracked 
| 100|0x000000070de00000, 0x000000070de00000, 0x000000070e000000|  0%| F|  |TAMS 0x000000070de00000| PB 0x000000070de00000| Untracked 
| 101|0x000000070e000000, 0x000000070e000000, 0x000000070e200000|  0%| F|  |TAMS 0x000000070e000000| PB 0x000000070e000000| Untracked 
| 102|0x000000070e200000, 0x000000070e200000, 0x000000070e400000|  0%| F|  |TAMS 0x000000070e200000| PB 0x000000070e200000| Untracked 
| 103|0x000000070e400000, 0x000000070e400000, 0x000000070e600000|  0%| F|  |TAMS 0x000000070e400000| PB 0x000000070e400000| Untracked 
| 104|0x000000070e600000, 0x000000070e600000, 0x000000070e800000|  0%| F|  |TAMS 0x000000070e600000| PB 0x000000070e600000| Untracked 
| 105|0x000000070e800000, 0x000000070e800000, 0x000000070ea00000|  0%| F|  |TAMS 0x000000070e800000| PB 0x000000070e800000| Untracked 
| 106|0x000000070ea00000, 0x000000070ea00000, 0x000000070ec00000|  0%| F|  |TAMS 0x000000070ea00000| PB 0x000000070ea00000| Untracked 
| 107|0x000000070ec00000, 0x000000070ec00000, 0x000000070ee00000|  0%| F|  |TAMS 0x000000070ec00000| PB 0x000000070ec00000| Untracked 
| 108|0x000000070ee00000, 0x000000070ee00000, 0x000000070f000000|  0%| F|  |TAMS 0x000000070ee00000| PB 0x000000070ee00000| Untracked 
| 109|0x000000070f000000, 0x000000070f000000, 0x000000070f200000|  0%| F|  |TAMS 0x000000070f000000| PB 0x000000070f000000| Untracked 
| 110|0x000000070f200000, 0x000000070f200000, 0x000000070f400000|  0%| F|  |TAMS 0x000000070f200000| PB 0x000000070f200000| Untracked 
| 111|0x000000070f400000, 0x000000070f400000, 0x000000070f600000|  0%| F|  |TAMS 0x000000070f400000| PB 0x000000070f400000| Untracked 
| 112|0x000000070f600000, 0x000000070f600000, 0x000000070f800000|  0%| F|  |TAMS 0x000000070f600000| PB 0x000000070f600000| Untracked 
| 113|0x000000070f800000, 0x000000070f800000, 0x000000070fa00000|  0%| F|  |TAMS 0x000000070f800000| PB 0x000000070f800000| Untracked 
| 114|0x000000070fa00000, 0x000000070fa00000, 0x000000070fc00000|  0%| F|  |TAMS 0x000000070fa00000| PB 0x000000070fa00000| Untracked 
| 115|0x000000070fc00000, 0x000000070fc00000, 0x000000070fe00000|  0%| F|  |TAMS 0x000000070fc00000| PB 0x000000070fc00000| Untracked 
| 116|0x000000070fe00000, 0x000000070fe00000, 0x0000000710000000|  0%| F|  |TAMS 0x000000070fe00000| PB 0x000000070fe00000| Untracked 
| 117|0x0000000710000000, 0x0000000710000000, 0x0000000710200000|  0%| F|  |TAMS 0x0000000710000000| PB 0x0000000710000000| Untracked 
| 118|0x0000000710200000, 0x0000000710200000, 0x0000000710400000|  0%| F|  |TAMS 0x0000000710200000| PB 0x0000000710200000| Untracked 
| 119|0x0000000710400000, 0x0000000710400000, 0x0000000710600000|  0%| F|  |TAMS 0x0000000710400000| PB 0x0000000710400000| Untracked 
| 120|0x0000000710600000, 0x0000000710600000, 0x0000000710800000|  0%| F|  |TAMS 0x0000000710600000| PB 0x0000000710600000| Untracked 
| 121|0x0000000710800000, 0x0000000710800000, 0x0000000710a00000|  0%| F|  |TAMS 0x0000000710800000| PB 0x0000000710800000| Untracked 
| 122|0x0000000710a00000, 0x0000000710a00000, 0x0000000710c00000|  0%| F|  |TAMS 0x0000000710a00000| PB 0x0000000710a00000| Untracked 
| 123|0x0000000710c00000, 0x0000000710d5f2e0, 0x0000000710e00000| 68%| E|  |TAMS 0x0000000710c00000| PB 0x0000000710c00000| Complete 
| 124|0x0000000710e00000, 0x0000000711000000, 0x0000000711000000|100%| E|CS|TAMS 0x0000000710e00000| PB 0x0000000710e00000| Complete 
| 125|0x0000000711000000, 0x0000000711200000, 0x0000000711200000|100%| E|CS|TAMS 0x0000000711000000| PB 0x0000000711000000| Complete 
| 126|0x0000000711200000, 0x0000000711400000, 0x0000000711400000|100%| E|CS|TAMS 0x0000000711200000| PB 0x0000000711200000| Complete 
| 127|0x0000000711400000, 0x0000000711600000, 0x0000000711600000|100%| E|CS|TAMS 0x0000000711400000| PB 0x0000000711400000| Complete 

Card table byte_map: [0x000002257d6b0000,0x000002257deb0000] _byte_map_base: 0x0000022579ea5000

Marking Bits: (CMBitMap*) 0x0000022578dc8af0
 Bits: [0x000002250f000000, 0x0000022512fa8000)

Polling page: 0x0000022576b90000

Metaspace:

Usage:
  Non-class:      3.12 MB used.
      Class:    295.56 KB used.
       Both:      3.41 MB used.

Virtual space:
  Non-class space:       64.00 MB reserved,       3.19 MB (  5%) committed,  1 nodes.
      Class space:        1.00 GB reserved,     384.00 KB ( <1%) committed,  1 nodes.
             Both:        1.06 GB reserved,       3.56 MB ( <1%) committed. 

Chunk freelists:
   Non-Class:  11.90 MB
       Class:  15.60 MB
        Both:  27.50 MB

MaxMetaspaceSize: unlimited
CompressedClassSpaceSize: 1.00 GB
Initial GC threshold: 21.00 MB
Current GC threshold: 21.00 MB
CDS: on
 - commit_granule_bytes: 65536.
 - commit_granule_words: 8192.
 - virtual_space_node_default_size: 8388608.
 - enlarge_chunks_in_place: 1.
 - use_allocation_guard: 0.


Internal statistics:

num_allocs_failed_limit: 0.
num_arena_births: 22.
num_arena_deaths: 0.
num_vsnodes_births: 2.
num_vsnodes_deaths: 0.
num_space_committed: 57.
num_space_uncommitted: 0.
num_chunks_returned_to_freelist: 0.
num_chunks_taken_from_freelist: 31.
num_chunk_merges: 0.
num_chunk_splits: 22.
num_chunks_enlarged: 14.
num_inconsistent_stats: 0.

CodeHeap 'non-profiled nmethods': size=120000Kb used=138Kb max_used=138Kb free=119861Kb
 bounds [0x0000022507ad0000, 0x0000022507d40000, 0x000002250f000000]
CodeHeap 'profiled nmethods': size=120000Kb used=769Kb max_used=769Kb free=119230Kb
 bounds [0x0000022500000000, 0x0000022500270000, 0x0000022507530000]
CodeHeap 'non-nmethods': size=5760Kb used=1380Kb max_used=1380Kb free=4379Kb
 bounds [0x0000022507530000, 0x00000225077a0000, 0x0000022507ad0000]
 total_blobs=986 nmethods=559 adapters=332
 compilation: enabled
              stopped_count=0, restarted_count=0
 full_count=0

Compilation events (20 events):
Event: 0.254 Thread 0x000002255a025b70 nmethod 304 0x0000022500053b90 code [0x0000022500053d40, 0x0000022500053e98]
Event: 0.255 Thread 0x000002255a025b70  307       3       java.util.Objects::equals (23 bytes)
Event: 0.255 Thread 0x000002255a025b70 nmethod 307 0x0000022500053f90 code [0x0000022500054140, 0x00000225000543b8]
Event: 0.255 Thread 0x000002255a025b70  306       1       java.net.URL::getFile (5 bytes)
Event: 0.255 Thread 0x000002255a025b70 nmethod 306 0x0000022507ae9690 code [0x0000022507ae9820, 0x0000022507ae98f0]
Event: 0.255 Thread 0x000002255a025b70  308       3       java.util.HashSet::contains (9 bytes)
Event: 0.255 Thread 0x000002255a025b70 nmethod 308 0x0000022500054490 code [0x0000022500054640, 0x00000225000548d0]
Event: 0.255 Thread 0x000002255a025b70  309       3       java.util.HashMap::containsKey (14 bytes)
Event: 0.255 Thread 0x000002255a025b70 nmethod 309 0x0000022500054a10 code [0x0000022500054bc0, 0x0000022500054d60]
Event: 0.256 Thread 0x000002255a025b70  310       3       java.util.concurrent.ConcurrentHashMap::putIfAbsent (8 bytes)
Event: 0.256 Thread 0x000002255a025b70 nmethod 310 0x0000022500054e10 code [0x0000022500054fc0, 0x0000022500055120]
Event: 0.256 Thread 0x000002255a025b70  311       2       java.lang.String::length (11 bytes)
Event: 0.256 Thread 0x000002255a025b70 nmethod 311 0x0000022500055210 code [0x00000225000553a0, 0x00000225000554c0]
Event: 0.256 Thread 0x000002255a025b70  312       3       java.lang.instrument.ClassFileTransformer::transform (15 bytes)
Event: 0.256 Thread 0x000002255a025b70 nmethod 312 0x0000022500055590 code [0x0000022500055740, 0x0000022500055948]
Event: 0.257 Thread 0x000002255a025b70  313       3       java.io.WinNTFileSystem::isSlash (18 bytes)
Event: 0.257 Thread 0x000002255a025b70 nmethod 313 0x0000022500055a10 code [0x0000022500055bc0, 0x0000022500055d50]
Event: 0.257 Thread 0x000002255a025b70  315       1       java.lang.StringLatin1::indexOfChar (33 bytes)
Event: 0.257 Thread 0x000002255a025b70 nmethod 315 0x0000022507ae9990 code [0x0000022507ae9b40, 0x0000022507ae9c70]
Event: 0.257 Thread 0x000002255a025b70  316       3       java.lang.AbstractStringBuilder::append (77 bytes)

GC Heap History (0 events):
No events

Dll operation events (3 events):
Event: 0.008 Loaded shared library C:\Users\LukynkaCZE\.jdks\jbr-21.0.7\bin\java.dll
Event: 0.010 Loaded shared library C:\Users\LukynkaCZE\.jdks\jbr-21.0.7\bin\zip.dll
Event: 0.050 Loaded shared library C:\Users\LukynkaCZE\.jdks\jbr-21.0.7\bin\jsvml.dll

Deoptimization events (20 events):
Event: 0.186 Thread 0x0000022578d62170 DEOPT PACKING pc=0x000002250000c6cf sp=0x000000af72efda00
Event: 0.186 Thread 0x0000022578d62170 DEOPT UNPACKING pc=0x0000022507584e42 sp=0x000000af72efce20 mode 0
Event: 0.231 Thread 0x0000022578d62170 Uncommon trap: trap_request=0xffffffde fr.pc=0x0000022507ae2878 relative=0x0000000000000c38
Event: 0.231 Thread 0x0000022578d62170 Uncommon trap: reason=class_check action=maybe_recompile pc=0x0000022507ae2878 method=java.util.HashMap.putVal(ILjava/lang/Object;Ljava/lang/Object;ZZ)Ljava/lang/Object; @ 152 c2
Event: 0.231 Thread 0x0000022578d62170 DEOPT PACKING pc=0x0000022507ae2878 sp=0x000000af72efa760
Event: 0.231 Thread 0x0000022578d62170 DEOPT UNPACKING pc=0x00000225075846a2 sp=0x000000af72efa710 mode 2
Event: 0.232 Thread 0x0000022578d62170 Uncommon trap: trap_request=0xffffffde fr.pc=0x0000022507ae2878 relative=0x0000000000000c38
Event: 0.232 Thread 0x0000022578d62170 Uncommon trap: reason=class_check action=maybe_recompile pc=0x0000022507ae2878 method=java.util.HashMap.putVal(ILjava/lang/Object;Ljava/lang/Object;ZZ)Ljava/lang/Object; @ 152 c2
Event: 0.232 Thread 0x0000022578d62170 DEOPT PACKING pc=0x0000022507ae2878 sp=0x000000af72efa6a0
Event: 0.232 Thread 0x0000022578d62170 DEOPT UNPACKING pc=0x00000225075846a2 sp=0x000000af72efa650 mode 2
Event: 0.232 Thread 0x0000022578d62170 Uncommon trap: trap_request=0xffffffde fr.pc=0x0000022507ae2878 relative=0x0000000000000c38
Event: 0.232 Thread 0x0000022578d62170 Uncommon trap: reason=class_check action=maybe_recompile pc=0x0000022507ae2878 method=java.util.HashMap.putVal(ILjava/lang/Object;Ljava/lang/Object;ZZ)Ljava/lang/Object; @ 152 c2
Event: 0.232 Thread 0x0000022578d62170 DEOPT PACKING pc=0x0000022507ae2878 sp=0x000000af72efa6a0
Event: 0.232 Thread 0x0000022578d62170 DEOPT UNPACKING pc=0x00000225075846a2 sp=0x000000af72efa650 mode 2
Event: 0.232 Thread 0x0000022578d62170 Uncommon trap: trap_request=0xffffffde fr.pc=0x0000022507ae2878 relative=0x0000000000000c38
Event: 0.232 Thread 0x0000022578d62170 Uncommon trap: reason=class_check action=maybe_recompile pc=0x0000022507ae2878 method=java.util.HashMap.putVal(ILjava/lang/Object;Ljava/lang/Object;ZZ)Ljava/lang/Object; @ 152 c2
Event: 0.232 Thread 0x0000022578d62170 DEOPT PACKING pc=0x0000022507ae2878 sp=0x000000af72efa6a0
Event: 0.232 Thread 0x0000022578d62170 DEOPT UNPACKING pc=0x00000225075846a2 sp=0x000000af72efa650 mode 2
Event: 0.235 Thread 0x0000022578d62170 DEOPT PACKING pc=0x000002250000a048 sp=0x000000af72efa6f0
Event: 0.235 Thread 0x0000022578d62170 DEOPT UNPACKING pc=0x0000022507584e42 sp=0x000000af72ef9b58 mode 0

Classes loaded (20 events):
Event: 0.251 Loading class com/intellij/rt/debugger/agent/SpilledVariablesTransformer
Event: 0.251 Loading class com/intellij/rt/debugger/agent/SpilledVariablesTransformer done
Event: 0.251 Loading class com/intellij/rt/debugger/agent/SpilledVariablesTransformer$SpillingTransformer
Event: 0.251 Loading class com/intellij/rt/debugger/agent/SpilledVariablesTransformer$SpillingTransformer done
Event: 0.255 Loading class jdk/internal/misc/TerminatingThreadLocal
Event: 0.255 Loading class jdk/internal/misc/TerminatingThreadLocal done
Event: 0.255 Loading class com/intellij/rt/debugger/agent/CaptureStorage$4
Event: 0.255 Loading class com/intellij/rt/debugger/agent/CaptureStorage$4 done
Event: 0.255 Loading class com/intellij/rt/debugger/agent/CaptureStorage$9
Event: 0.255 Loading class com/intellij/rt/debugger/agent/CaptureStorage$Callable
Event: 0.255 Loading class com/intellij/rt/debugger/agent/CaptureStorage$Callable done
Event: 0.255 Loading class com/intellij/rt/debugger/agent/CaptureStorage$9 done
Event: 0.255 Loading class java/util/LinkedList
Event: 0.256 Loading class java/util/LinkedList done
Event: 0.256 Loading class kotlinx/coroutines/debug/internal/AgentPremain
Event: 0.256 Loading class kotlinx/coroutines/debug/internal/AgentPremain done
Event: 0.256 Loading class jdk/internal/loader/URLClassPath$3
Event: 0.256 Loading class jdk/internal/loader/URLClassPath$3 done
Event: 0.256 Loading class jdk/internal/loader/URLClassPath$FileLoader
Event: 0.256 Loading class jdk/internal/loader/URLClassPath$FileLoader done

Classes unloaded (0 events):
No events

Classes redefined (20 events):
Event: 0.238 Thread 0x000002257691deb0 redefined class name=java.lang.NoSuchFieldException, count=1
Event: 0.238 Thread 0x000002257691deb0 redefined class name=java.lang.ArithmeticException, count=1
Event: 0.238 Thread 0x000002257691deb0 redefined class name=java.lang.NullPointerException, count=1
Event: 0.238 Thread 0x000002257691deb0 redefined class name=java.lang.NoSuchMethodException, count=1
Event: 0.238 Thread 0x000002257691deb0 redefined class name=java.lang.IllegalMonitorStateException, count=1
Event: 0.238 Thread 0x000002257691deb0 redefined class name=java.lang.IllegalArgumentException, count=1
Event: 0.238 Thread 0x000002257691deb0 redefined class name=java.lang.ClassNotFoundException, count=1
Event: 0.238 Thread 0x000002257691deb0 redefined class name=java.lang.LinkageError, count=1
Event: 0.238 Thread 0x000002257691deb0 redefined class name=java.lang.IncompatibleClassChangeError, count=1
Event: 0.238 Thread 0x000002257691deb0 redefined class name=java.lang.NoSuchMethodError, count=1
Event: 0.238 Thread 0x000002257691deb0 redefined class name=java.lang.ClassCastException, count=1
Event: 0.238 Thread 0x000002257691deb0 redefined class name=java.lang.NoClassDefFoundError, count=1
Event: 0.238 Thread 0x000002257691deb0 redefined class name=java.lang.VirtualMachineError, count=1
Event: 0.238 Thread 0x000002257691deb0 redefined class name=java.lang.InternalError, count=1
Event: 0.238 Thread 0x000002257691deb0 redefined class name=java.lang.OutOfMemoryError, count=1
Event: 0.238 Thread 0x000002257691deb0 redefined class name=java.lang.StackOverflowError, count=1
Event: 0.238 Thread 0x000002257691deb0 redefined class name=java.lang.BootstrapMethodError, count=1
Event: 0.238 Thread 0x000002257691deb0 redefined class name=java.lang.ArrayStoreException, count=1
Event: 0.238 Thread 0x000002257691deb0 redefined class name=java.lang.InterruptedException, count=1
Event: 0.238 Thread 0x000002257691deb0 redefined class name=java.io.IOException, count=1

Internal exceptions (1 events):
Event: 0.193 Thread 0x0000022578d62170 Exception <a 'java/lang/NoSuchMethodError'{0x000000071133d270}: 'java.lang.Object java.lang.invoke.Invokers$Holder.invokeExact_MT(java.lang.Object, java.lang.Object, java.lang.Object, java.lang.Object, java.lang.Object)'> (0x000000071133d270) 
thrown [s\src\hotspot\share\interpreter\linkResolver.cpp, line 784]

ZGC Phase Switch (0 events):
No events

VM Operations (10 events):
Event: 0.155 Executing VM operation: HandshakeAllThreads (Deoptimize)
Event: 0.155 Executing VM operation: HandshakeAllThreads (Deoptimize) done
Event: 0.185 Executing VM operation: ChangeBreakpoints
Event: 0.185 Executing VM operation: ChangeBreakpoints done
Event: 0.185 Executing VM operation: ChangeBreakpoints
Event: 0.185 Executing VM operation: ChangeBreakpoints done
Event: 0.237 Executing VM operation: RedefineClasses (Heap Inspection Initiated GC)
Event: 0.246 Executing VM operation: RedefineClasses (Heap Inspection Initiated GC) done
Event: 0.247 Executing VM operation: get/set locals
Event: 0.247 Executing VM operation: get/set locals done

Memory protections (0 events):
No events

Nmethod flushes (0 events):
No events

Events (16 events):
Event: 0.035 Thread 0x0000022578d62170 Thread added: 0x0000022578d62170
Event: 0.049 Thread 0x0000022578d62170 Thread added: 0x000002255a013f00
Event: 0.049 Thread 0x0000022578d62170 Thread added: 0x000002255a014b60
Event: 0.049 Thread 0x0000022578d62170 Thread added: 0x000002255a01adb0
Event: 0.049 Thread 0x0000022578d62170 Thread added: 0x000002255a01bba0
Event: 0.049 Thread 0x0000022578d62170 Thread added: 0x000002255a01c960
Event: 0.049 Thread 0x0000022578d62170 Thread added: 0x000002255a01db60
Event: 0.049 Thread 0x0000022578d62170 Thread added: 0x000002255a0211d0
Event: 0.049 Thread 0x0000022578d62170 Thread added: 0x000002255a025b70
Event: 0.149 Thread 0x0000022578d62170 Thread added: 0x00000225132a7a20
Event: 0.161 Thread 0x000002255a0211d0 Thread added: 0x000002255a1634c0
Event: 0.168 Thread 0x0000022578d62170 Thread added: 0x000002255a2790e0
Event: 0.168 Thread 0x0000022578d62170 Thread added: 0x000002255a27c6b0
Event: 0.168 Thread 0x000002255a2790e0 Thread added: 0x000002255a27d340
Event: 0.187 Loaded shared library C:\Users\LukynkaCZE\.jdks\jbr-21.0.7\bin\instrument.dll
Event: 0.249 Thread 0x0000022578d62170 Thread added: 0x000002255a33a270


Dynamic libraries:
0x00007ff6ffad0000 - 0x00007ff6ffada000 	C:\Users\LukynkaCZE\.jdks\jbr-21.0.7\bin\java.exe
0x00007fffe0780000 - 0x00007fffe09e9000 	C:\WINDOWS\SYSTEM32\ntdll.dll
0x00007fffdf960000 - 0x00007fffdfa29000 	C:\WINDOWS\System32\KERNEL32.DLL
0x00007fffddb30000 - 0x00007fffddf1f000 	C:\WINDOWS\System32\KERNELBASE.dll
0x00007fffdd9e0000 - 0x00007fffddb2b000 	C:\WINDOWS\System32\ucrtbase.dll
0x00007fffba7b0000 - 0x00007fffba7c8000 	C:\Users\LukynkaCZE\.jdks\jbr-21.0.7\bin\jli.dll
0x00007fffba720000 - 0x00007fffba73b000 	C:\Users\LukynkaCZE\.jdks\jbr-21.0.7\bin\VCRUNTIME140.dll
0x00007fffde8a0000 - 0x00007fffdea6c000 	C:\WINDOWS\System32\USER32.dll
0x00007fffc5990000 - 0x00007fffc5c2a000 	C:\WINDOWS\WinSxS\amd64_microsoft.windows.common-controls_6595b64144ccf1df_6.0.26100.5651_none_3e0bb264e3315894\COMCTL32.dll
0x00007fffde150000 - 0x00007fffde177000 	C:\WINDOWS\System32\win32u.dll
0x00007fffdfb10000 - 0x00007fffdfb3b000 	C:\WINDOWS\System32\GDI32.dll
0x00007fffde530000 - 0x00007fffde5d9000 	C:\WINDOWS\System32\msvcrt.dll
0x00007fffdd8a0000 - 0x00007fffdd9d8000 	C:\WINDOWS\System32\gdi32full.dll
0x00007fffde180000 - 0x00007fffde223000 	C:\WINDOWS\System32\msvcp_win.dll
0x00007fffdeac0000 - 0x00007fffdeaef000 	C:\WINDOWS\System32\IMM32.DLL
0x00007fffc2d40000 - 0x00007fffc2d4c000 	C:\Users\LukynkaCZE\.jdks\jbr-21.0.7\bin\vcruntime140_1.dll
0x00007fff94ed0000 - 0x00007fff94f5d000 	C:\Users\LukynkaCZE\.jdks\jbr-21.0.7\bin\msvcp140.dll
0x00007fff51f00000 - 0x00007fff52cc2000 	C:\Users\LukynkaCZE\.jdks\jbr-21.0.7\bin\server\jvm.dll
0x00007fffdf420000 - 0x00007fffdf4d4000 	C:\WINDOWS\System32\ADVAPI32.dll
0x00007fffdfd80000 - 0x00007fffdfe26000 	C:\WINDOWS\System32\sechost.dll
0x00007fffe0620000 - 0x00007fffe0738000 	C:\WINDOWS\System32\RPCRT4.dll
0x00007fffdfb50000 - 0x00007fffdfbc4000 	C:\WINDOWS\System32\WS2_32.dll
0x00007fffdd640000 - 0x00007fffdd69e000 	C:\WINDOWS\SYSTEM32\POWRPROF.dll
0x00007fffd0710000 - 0x00007fffd0745000 	C:\WINDOWS\SYSTEM32\WINMM.dll
0x00007fffd6330000 - 0x00007fffd633b000 	C:\WINDOWS\SYSTEM32\VERSION.dll
0x00007fffdd530000 - 0x00007fffdd544000 	C:\WINDOWS\SYSTEM32\UMPDC.dll
0x00007fffdc600000 - 0x00007fffdc61b000 	C:\WINDOWS\SYSTEM32\kernel.appcore.dll
0x00007fffba710000 - 0x00007fffba71a000 	C:\Users\LukynkaCZE\.jdks\jbr-21.0.7\bin\jimage.dll
0x00007fffc8450000 - 0x00007fffc8692000 	C:\WINDOWS\SYSTEM32\DBGHELP.DLL
0x00007fffdefa0000 - 0x00007fffdf329000 	C:\WINDOWS\System32\combase.dll
0x00007fffdfc80000 - 0x00007fffdfd60000 	C:\WINDOWS\System32\OLEAUT32.dll
0x00007fffbf1e0000 - 0x00007fffbf223000 	C:\WINDOWS\SYSTEM32\dbgcore.DLL
0x00007fffddf30000 - 0x00007fffddfc9000 	C:\WINDOWS\System32\bcryptPrimitives.dll
0x00007fffaeaf0000 - 0x00007fffaeb2c000 	C:\Users\LukynkaCZE\.jdks\jbr-21.0.7\bin\jdwp.dll
0x00007fffba630000 - 0x00007fffba63e000 	C:\Users\LukynkaCZE\.jdks\jbr-21.0.7\bin\instrument.dll
0x00007fffba060000 - 0x00007fffba080000 	C:\Users\LukynkaCZE\.jdks\jbr-21.0.7\bin\java.dll
0x00007fffb43f0000 - 0x00007fffb4408000 	C:\Users\LukynkaCZE\.jdks\jbr-21.0.7\bin\zip.dll
0x00007fffdfe30000 - 0x00007fffe057e000 	C:\WINDOWS\System32\SHELL32.dll
0x00007fffddfd0000 - 0x00007fffde144000 	C:\WINDOWS\System32\wintypes.dll
0x00007fffdb490000 - 0x00007fffdbcf0000 	C:\WINDOWS\SYSTEM32\windows.storage.dll
0x00007fffdf860000 - 0x00007fffdf955000 	C:\WINDOWS\System32\SHCORE.dll
0x00007fffdf330000 - 0x00007fffdf399000 	C:\WINDOWS\System32\shlwapi.dll
0x00007fffdd7b0000 - 0x00007fffdd7df000 	C:\WINDOWS\SYSTEM32\profapi.dll
0x00007fff915f0000 - 0x00007fff916c7000 	C:\Users\LukynkaCZE\.jdks\jbr-21.0.7\bin\jsvml.dll
0x00007fffba5e0000 - 0x00007fffba5eb000 	C:\Users\LukynkaCZE\.jdks\jbr-21.0.7\bin\dt_socket.dll
0x00007fffdbff0000 - 0x00007fffdc024000 	C:\WINDOWS\SYSTEM32\IPHLPAPI.DLL
0x00007fffdcb60000 - 0x00007fffdcbcb000 	C:\WINDOWS\system32\mswsock.dll
0x00007fffb2470000 - 0x00007fffb2480000 	C:\Users\LukynkaCZE\.jdks\jbr-21.0.7\bin\net.dll
0x00007fffd5610000 - 0x00007fffd572e000 	C:\WINDOWS\SYSTEM32\WINHTTP.dll
0x00007fffb1890000 - 0x00007fffb18a6000 	C:\Users\LukynkaCZE\.jdks\jbr-21.0.7\bin\nio.dll

dbghelp: loaded successfully - version: 4.0.5 - missing functions: none
symbol engine: initialized successfully - sym options: 0x614 - pdb path: .;C:\Users\LukynkaCZE\.jdks\jbr-21.0.7\bin;C:\WINDOWS\SYSTEM32;C:\WINDOWS\WinSxS\amd64_microsoft.windows.common-controls_6595b64144ccf1df_6.0.26100.5651_none_3e0bb264e3315894;C:\Users\LukynkaCZE\.jdks\jbr-21.0.7\bin\server

VM Arguments:
jvm_args: -agentlib:jdwp=transport=dt_socket,address=127.0.0.1:50773,suspend=y,server=n -javaagent:C:\Users\LukynkaCZE\AppData\Local\JetBrains\IdeaIC2025.1\captureAgent\debugger-agent.jar=file:///C:/Users/LUKYNK~1/AppData/Local/Temp/capture16673521832099126444.props -XX:+EnableDynamicAgentLoading -XX:+AllowEnhancedClassRedefinition -javaagent:C:/Users/LukynkaCZE/scoop/apps/gradle/current/.gradle/caches/modules-2/files-2.1/org.jetbrains.kotlinx/kotlinx-coroutines-core-jvm/1.10.1/fe066928754beda3d59c8282e04289546465a360/kotlinx-coroutines-core-jvm-1.10.1.jar -Dkotlinx.coroutines.debug.enable.creation.stack.trace=false -Ddebugger.agent.enable.coroutines=true -Dkotlinx.coroutines.debug.enable.flows.stack.trace=true -Dkotlinx.coroutines.debug.enable.mutable.state.flows.stack.trace=true -Dfile.encoding=UTF-8 -Dsun.stdout.encoding=UTF-8 -Dsun.stderr.encoding=UTF-8 
java_command: io.github.dockyardmc.MainKt
java_class_path (initial): E:\Coding\Kotlin\DockyardMC\build\classes\kotlin\main;E:\Coding\Kotlin\DockyardMC\build\resources\main;C:\Users\LukynkaCZE\scoop\apps\gradle\current\.gradle\caches\modules-2\files-2.1\io.github.dockyardmc\bytesocks-client-java\1.0-SNAPSHOT\ba005f588c600749f8c8201d21ad67991cd80cc9\bytesocks-client-java-1.0-SNAPSHOT.jar;C:\Users\LukynkaCZE\scoop\apps\gradle\current\.gradle\caches\modules-2\files-2.1\com.google.protobuf\protobuf-javalite\4.28.2\dc2b52b6cb328c6e63233ad900aad2ad7a5c2221\protobuf-javalite-4.28.2.jar;C:\Users\LukynkaCZE\scoop\apps\gradle\current\.gradle\caches\modules-2\files-2.1\io.github.dockyardmc\scroll\3.2\b9b14e2b7b7ca272a1d14d7822cd960b503f871a\scroll-3.2.jar;C:\Users\LukynkaCZE\scoop\apps\gradle\current\.gradle\caches\modules-2\files-2.1\net.kyori\adventure-nbt\4.21.0\c3c3780298ccba6095cd4a1d2a34000deaeccb9e\adventure-nbt-4.21.0.jar;C:\Users\LukynkaCZE\scoop\apps\gradle\current\.gradle\caches\modules-2\files-2.1\com.github.Metaphoriker.pathetic\pathetic-engine\4.0\8e2faa57ce8dc6ff441b5d3a76e3dfbb7e398f32\pathetic-engine-4.0.jar;C:\Users\LukynkaCZE\scoop\apps\gradle\current\.gradle\caches\modules-2\files-2.1\com.github.Metaphoriker.pathetic\pathetic-provider\4.0\74c8f590de3d54a8ffb36e6785b9041443fb1dc\pathetic-provider-4.0.jar;C:\Users\LukynkaCZE\scoop\apps\gradle\current\.gradle\caches\modules-2\files-2.1\com.github.Metaphoriker.pathetic\pathetic-api\4.0\f89b264b9e10700f2cf6285e0e2517323b255899\pathetic-api-4.0.jar;C:\Users\LukynkaCZE\scoop\apps\gradle\current\.gradle\caches\modules-2\files-2.1\io.github.dockyardmc\tide\1.7\165dbc383dd9e860308d1db861d6d29c025b2be3\tide-1.7.jar;C:\Users\LukynkaCZE\scoop\apps\gradle\current\.gradle\caches\modules-2\files-2.1\cz.lukynka\pretty-log\1.5\3fe2a10c0151c632f9a7c4c2aea48337f5cfc560\pretty-log-1.5.jar;C:\Users\LukynkaCZE\scoop\apps\gradle\current\.gradle\caches\modules-2\files-2.1\org.reflections\reflections\0.9.12\1c9d44c563eebe9b8a3afebd29ed5c4646db800c\reflections-0.9.12.jar;C:\Users\LukynkaCZE\scoop\apps\gradle\current\.gradle\caches\modules-2\files-2.1\it.unimi.dsi\fastutil\8.5.13\7d1178e207e85b8990347d30f9d1d620cad858f4\fastutil-8.5.13.jar;C:\Users\LukynkaCZE\scoop\apps\gradle\current\.gradle\caches\modules-2\files-2.1\cz.lukynka\kotlin-bindables\2.2\4d88e9c4a9566fa6051d15b3bfbbed72a2504220\kotlin-bindables-2.2.jar;C:\Users\LukynkaCZE\scoop\apps\gradle\current\.gradle\caches\modules-2\files-2.1\io.github.dockyardmc\spark-api\1.12-SNAPSHOT\36e647c8858ea22bf5c75c5e20ba160856326303\spark-api-1.12-SNAPSHOT.jar;C:\Users\LukynkaCZE\scoop\apps\gradle\current\.gradle\caches\modules-2\files-2.1\io.github.dockyardmc\spark-common\1.12-SNAPSHOT\b217e5ae1ddaeb556a12bf924b337db8cd45b3b0\spark-common-1.12-SNAPSHOT.jar;C:\Users\LukynkaCZE\scoop\apps\gradle\current\.gradle\caches\modules-2\files-2.1\io.github.dockyardmc\wikivg-datagen\1.3\a38a7ed0754c2d113e4791214783bc24a3a0a5e3\wikivg-datagen-1.3.jar;C:\Users\LukynkaCZE\scoop\apps\gradle\current\.gradle\caches\modules-2\files-2.1\org.jetbrains.kotlin\kotlin-stdlib\2.1.21\97a0975aa19d925e109537af60eb46902920015c\kotlin-stdlib-2.1.21.jar;C:\Users\LukynkaCZE\scoop\apps\gradle\current\.gradle\caches\modules-2\files-2.1\org.jctools\jctools-core\4.0.5\9ab38ca19877236986db4894ef1400a7ca23db80\jctools-core-4.0.5.jar;C:\Users\LukynkaCZE\scoop\apps\gradle\current\.gradle\caches\modules-2\files-2.1\org.slf4j\slf4j-nop\2.0.9\fa0627049304bf501bf6a0e4d1416bcaec9a72a9\slf4j-nop-2.0.9.jar;C:\Users\LukynkaCZE\scoop\apps\gradle\current\.gradle\caches\modules-2\files-2.1\com.google.guava\guava\33.3.1-jre\852f8b363da0111e819460021ca693cacca3e8db\guava-33.3.1-jre.jar;C:\Users\LukynkaCZE\scoop\apps\gradle\current\.gradle\caches\modules-2\files-2.1\org.java-websocket\Java-WebSocket\1.6.0\52d7f6dc1b06607d4d12e438c840c25f1a0bb854\Java-WebSocket-1.6.0.jar;C:\Users\LukynkaCZE\scoop\apps\gradle\current\.gradle\caches\modules-2\files-2.1\net.kyori\examination-string\1.3.0\6f34afef5c54ccce4996bc321abf77518b55b4bd\examination-string-1.3.0.jar;C:\Users\LukynkaCZE\scoop\apps\gradle\current\.gradle\caches\modules-2\files-2.1\net.kyori\examination-api\1.3.0\8a2d185275307f1e2ef2adf7152b9a0d1d44c30b\examination-api-1.3.0.jar;C:\Users\LukynkaCZE\scoop\apps\gradle\current\.gradle\caches\modules-2\files-2.1\io.ktor\ktor-server-netty-jvm\3.1.2\a7c428f6cd2cd94d0f9222b2d01ebe15a6ab3b0\ktor-server-netty-jvm-3.1.2.jar;C:\Users\LukynkaCZE\scoop\apps\gradle\current\.gradle\caches\modules-2\files-2.1\org.javassist\javassist\3.26.0-GA\bb2890849968d8d8311ffba8c37b0ce16ce284dc\javassist-3.26.0-GA.jar;C:\Users\LukynkaCZE\scoop\apps\gradle\current\.gradle\caches\modules-2\files-2.1\net.kyori\adventure-api\4.21.0\12cbccf2de584413f039d2379f6cb223c891dda2\adventure-api-4.21.0.jar;C:\Users\LukynkaCZE\scoop\apps\gradle\current\.gradle\caches\modules-2\files-2.1\net.kyori\adventure-text-serializer-gson\4.21.0\bead7313df3c17c0b117b4e92a7e9a8d86b57d3a\adventure-text-serializer-gson-4.21.0.jar;C:\Users\LukynkaCZE\scoop\apps\gradle\current\.gradle\caches\modules-2\files-2.1\net.kyori\adventure-text-serializer-legacy\4.21.0\450ded487f7b85e083ca8e9572b334e089a65795\adventure-text-serializer-legacy-4.21.0.jar;C:\Users\LukynkaCZE\scoop\apps\gradle\current\.gradle\caches\modules-2\files-2.1\org.jetbrains.kotlinx\kotlinx-coroutines-core-jvm\1.10.1\fe066928754beda3d59c8282e04289546465a360\kotlinx-coroutines-core-jvm-1.10.1.jar;C:\Users\LukynkaCZE\scoop\apps\gradle\current\.gradle\caches\modules-2\files-2.1\com.akuleshov7\ktoml-core-jvm\0.5.1\9215e1d78cdfa3a6f8fe6de45f5fd8ed710046b\ktoml-core-jvm-0.5.1.jar;C:\Users\LukynkaCZE\scoop\apps\gradle\current\.gradle\caches\modules-2\files-2.1\com.akuleshov7\ktoml-file-jvm\0.5.1\69c8acc746dffe8994f86a0542df2e8fe691c1b0\ktoml-file-jvm-0.5.1.jar;C:\Users\LukynkaCZE\scoop\apps\gradle\current\.gradle\caches\modules-2\files-2.1\org.slf4j\slf4j-api\2.0.16\172931663a09a1fa515567af5fbef00897d3c04\slf4j-api-2.0.16.jar;C:\Users\LukynkaCZE\scoop\apps\gradle\current\.gradle\caches\modules-2\files-2.1\com.google.guava\failureaccess\1.0.2\c4a06a64e650562f30b7bf9aaec1bfed43aca12b\failureaccess-1.0.2.jar;C:\Users\LukynkaCZE\scoop\apps\gradle\current\.gradle\caches\modules-2\files-2.1\com.google.guava\listenablefuture\9999.0-empty-to-avoid-conflict-with-guava\b421526c5f297295adef1c886e5246c39d4ac629\listenablefuture-9999.0-empty-to-avoid-conflict-with-guava.jar;C:\Users\LukynkaCZE\scoop\apps\gradle\current\.gradle\caches\modules-2\files-2.1\com.google.code.findbugs\jsr305\3.0.2\25ea2e8b0c338a877313bd4672d3fe056ea78f0d\jsr305-3.0.2.jar;C:\Users\LukynkaCZE\scoop\apps\gradle\current\.gradle\caches\modules-2\files-2.1\org.checkerframework\checker-qual\3.43.0\9425eee39e56b116d2b998b7c2cebcbd11a3c98b\checker-qual-3.43.0.jar;C:\Users\LukynkaCZE\scoop\apps\gradle\current\.gradle\caches\modules-2\files-2.1\com.google.j2objc\j2objc-annotations\3.0.0\7399e65dd7e9ff3404f4535b2f017093bdb134c7\j2objc-annotations-3.0.0.jar;C:\Users\LukynkaCZE\scoop\apps\gradle\current\.gradle\caches\modules-2\files-2.1\io.netty\netty-codec-http2\4.1.118.Final\e3c35c0685ec9e84c4f84b79feea7c9d185a08d3\netty-codec-http2-4.1.118.Final.jar;C:\Users\LukynkaCZE\scoop\apps\gradle\current\.gradle\caches\modules-2\files-2.1\org.eclipse.jetty.alpn\alpn-api\1.1.3.v20160715\a1bf3a937f91b4c953acd13e8c9552347adc2198\alpn-api-1.1.3.v20160715.jar;C:\Users\LukynkaCZE\scoop\apps\gradle\current\.gradle\caches\modules-2\files-2.1\io.netty\netty-transport-native-kqueue\4.1.118.Final\9e6aa2f967182e09d1b13308bcd25088b3c81e53\netty-transport-native-kqueue-4.1.118.Final.jar;C:\Users\LukynkaCZE\scoop\apps\gradle\current\.gradle\caches\modules-2\files-2.1\io.netty\netty-transport-native-epoll\4.1.118.Final\f784aa9ddfc264d812697867e8e2b678c255999a\netty-transport-native-epoll-4.1.118.Final.jar;C:\Users\LukynkaCZE\scoop\apps\gradle\current\.gradle\caches\modules-2\files-2.1\net.kyori\adventure-key\4.21.0\23b0079f459af5cb25923ee423fccbb8f894ccda\adventure-key-4.21.0.jar;C:\Users\LukynkaCZE\scoop\apps\gradle\current\.gradle\caches\modules-2\files-2.1\net.kyori\adventure-text-serializer-json\4.21.0\de96ddc880fffddb77c21c92220c454fb7e41823\adventure-text-serializer-json-4.21.0.jar;C:\Users\LukynkaCZE\scoop\apps\gradle\current\.gradle\caches\modules-2\files-2.1\io.ktor\ktor-server-core-jvm\3.1.2\e348b3c099bbd79106c724a8b49e6d52962ce0ec\ktor-server-core-jvm-3.1.2.jar;C:\Users\LukynkaCZE\scoop\apps\gradle\current\.gradle\caches\modules-2\files-2.1\io.netty\netty-codec-http\4.1.118.Final\eda08a71294afe78c779b85fd696bc13491507a8\netty-codec-http-4.1.118.Final.jar;C:\Users\LukynkaCZE\scoop\apps\gradle\current\.gradle\caches\modules-2\files-2.1\io.netty\netty-handler\4.1.118.Final\30ebb05b6b0fb071dbfcf713017c4a767a97bb9b\netty-handler-4.1.118.Final.jar;C:\Users\LukynkaCZE\scoop\apps\gradle\current\.gradle\caches\modules-2\files-2.1\io.netty\netty-codec\4.1.118.Final\307f665c08ce57333121de4f460479fc0c3c94d4\netty-codec-4.1.118.Final.jar;C:\Users\LukynkaCZE\scoop\apps\gradle\current\.gradle\caches\modules-2\files-2.1\io.netty\netty-transport\4.1.118.Final\5a27232e5d08218722d94ca14f0b1b4576e7711c\netty-transport-4.1.118.Final.jar;C:\Users\LukynkaCZE\scoop\apps\gradle\current\.gradle\caches\modules-2\files-2.1\io.netty\netty-buffer\4.1.118.Final\7022990af1e0d449f9d5322035899745e19735c5\netty-buffer-4.1.118.Final.jar;C:\Users\LukynkaCZE\scoop\apps\gradle\current\.gradle\caches\modules-2\files-2.1\io.netty\netty-common\4.1.118.Final\4bb0f9899146484fa89f7b9bc27389d5b8e2ecde\netty-common-4.1.118.Final.jar;C:\Users\LukynkaCZE\scoop\apps\gradle\current\.gradle\caches\modules-2\files-2.1\io.netty\netty-transport-classes-kqueue\4.1.118.Final\c9541019b6ba3d9424ba99d8bcbfbffa96787be7\netty-transport-classes-kqueue-4.1.118.Final.jar;C:\Users\LukynkaCZE\scoop\apps\gradle\current\.gradle\caches\modules-2\files-2.1\io.netty\netty-transport-native-unix-common\4.1.118.Final\9da25a94e6a0edac90da0bc7894e5a54efcb866b\netty-transport-native-unix-common-4.1.118.Final.jar;C:\Users\LukynkaCZE\scoop\apps\gradle\current\.gradle\caches\modules-2\files-2.1\io.netty\netty-transport-classes-epoll\4.1.118.Final\376ce95507066f0e755d97c1c8bcd6c33f657617\netty-transport-classes-epoll-4.1.118.Final.jar;C:\Users\LukynkaCZE\scoop\apps\gradle\current\.gradle\caches\modules-2\files-2.1\net.kyori\option\1.1.0\593fecb9c42688eebc7d8da5d6ea127f4d4c92a2\option-1.1.0.jar;C:\Users\LukynkaCZE\scoop\apps\gradle\current\.gradle\caches\modules-2\files-2.1\org.jetbrains.kotlinx\kotlinx-datetime-jvm\0.4.0\2224732fcb9b6116fbeb0926dd108604e578356b\kotlinx-datetime-jvm-0.4.0.jar;C:\Users\LukynkaCZE\scoop\apps\gradle\current\.gradle\caches\modules-2\files-2.1\com.akuleshov7\ktoml-source-jvm\0.5.1\e9383d0e755d7fd20062271395bcbcfa926c1ee2\ktoml-source-jvm-0.5.1.jar;C:\Users\LukynkaCZE\scoop\apps\gradle\current\.gradle\caches\modules-2\files-2.1\org.jetbrains.kotlin\kotlin-reflect\2.1.20\3c1003045c4f2a72f987a147abac8e7058be1183\kotlin-reflect-2.1.20.jar;C:\Users\LukynkaCZE\scoop\apps\gradle\current\.gradle\caches\modules-2\files-2.1\com.typesafe\config\1.4.3\b57e0fbdc7270d8ea59c1ba367457a5cc7ba0e98\config-1.4.3.jar;C:\Users\LukynkaCZE\scoop\apps\gradle\current\.gradle\caches\modules-2\files-2.1\io.netty\netty-resolver\4.1.118.Final\28c378c19c1779eca1104b400452627f3ebc4aea\netty-resolver-4.1.118.Final.jar;C:\Users\LukynkaCZE\scoop\apps\gradle\current\.gradle\caches\modules-2\files-2.1\io.ktor\ktor-http-cio-jvm\3.1.2\2d940f4916c4fa1cbf43e72298c7f05bc39cd005\ktor-http-cio-jvm-3.1.2.jar;C:\Users\LukynkaCZE\scoop\apps\gradle\current\.gradle\caches\modules-2\files-2.1\io.ktor\ktor-serialization-jvm\3.1.2\924813e8573efa5b7fa684697619fec5594c16dd\ktor-serialization-jvm-3.1.2.jar;C:\Users\LukynkaCZE\scoop\apps\gradle\current\.gradle\caches\modules-2\files-2.1\io.ktor\ktor-websockets-jvm\3.1.2\334d17a3441724b05fd571995c9ccc22bef23a6\ktor-websockets-jvm-3.1.2.jar;C:\Users\LukynkaCZE\scoop\apps\gradle\current\.gradle\caches\modules-2\files-2.1\io.ktor\ktor-http-jvm\3.1.2\d2f4445763e8b941016ccbff6e236445ada8480\ktor-http-jvm-3.1.2.jar;C:\Users\LukynkaCZE\scoop\apps\gradle\current\.gradle\caches\modules-2\files-2.1\io.ktor\ktor-events-jvm\3.1.2\34ebb64209d8d10465bb61a47a82fb0ff4343b2a\ktor-events-jvm-3.1.2.jar;C:\Users\LukynkaCZE\scoop\apps\gradle\current\.gradle\caches\modules-2\files-2.1\io.ktor\ktor-utils-jvm\3.1.2\dc9045defc237cdcf1c442119e95234189cf6cf0\ktor-utils-jvm-3.1.2.jar;C:\Users\LukynkaCZE\scoop\apps\gradle\current\.gradle\caches\modules-2\files-2.1\io.ktor\ktor-network-jvm\3.1.2\d24b905aee9483d982290a3ef346ea0209bb74f1\ktor-network-jvm-3.1.2.jar;C:\Users\LukynkaCZE\scoop\apps\gradle\current\.gradle\caches\modules-2\files-2.1\io.ktor\ktor-io-jvm\3.1.2\4b9e6a0729f541b1778739524d5a561a74fa4f93\ktor-io-jvm-3.1.2.jar;C:\Users\LukynkaCZE\scoop\apps\gradle\current\.gradle\caches\modules-2\files-2.1\org.jetbrains.kotlinx\kotlinx-io-core-jvm\0.6.0\f1d1e496fe0c6937fdb7509442b7f3e613d345d4\kotlinx-io-core-jvm-0.6.0.jar;C:\Users\LukynkaCZE\scoop\apps\gradle\current\.gradle\caches\modules-2\files-2.1\org.jetbrains.kotlinx\kotlinx-io-bytestring-jvm\0.6.0\bb3104eef13622362179216566db2ea6a4e7ed64\kotlinx-io-bytestring-jvm-0.6.0.jar;C:\Users\LukynkaCZE\scoop\apps\gradle\current\.gradle\caches\modules-2\files-2.1\net.bytebuddy\byte-buddy-agent\1.14.17\e3c251a39dc90badaf71c83427ba46840f219d8d\byte-buddy-agent-1.14.17.jar;C:\Users\LukynkaCZE\scoop\apps\gradle\current\.gradle\caches\modules-2\files-2.1\com.google.code.gson\gson\2.13.1\853ce06c11316b33a8eae5e9095da096a9528b8f\gson-2.13.1.jar;C:\Users\LukynkaCZE\scoop\apps\gradle\current\.gradle\caches\modules-2\files-2.1\tools.profiler\async-profiler\3.0\8690f2690e9460f745fe35a5909fc971b803fd4\async-profiler-3.0.jar;C:\Users\LukynkaCZE\scoop\apps\gradle\current\.gradle\caches\modules-2\files-2.1\org.ow2.asm\asm\9.7\73d7b3086e14beb604ced229c302feff6449723\asm-9.7.jar;C:\Users\LukynkaCZE\scoop\apps\gradle\current\.gradle\caches\modules-2\files-2.1\com.moandjiezana.toml\toml4j\0.7.2\a03337911d0bd2c40932aca3946edb30d0e7d0c\toml4j-0.7.2.jar;C:\Users\LukynkaCZE\scoop\apps\gradle\current\.gradle\caches\modules-2\files-2.1\org.jsoup\jsoup\1.17.2\1e75b08d7019546a954f1e359477f916f537a34d\jsoup-1.17.2.jar;C:\Users\LukynkaCZE\scoop\apps\gradle\current\.gradle\caches\modules-2\files-2.1\org.jetbrains.kotlinx\kotlinx-serialization-json-jvm\1.8.1\4de3bace4b175753df5484d2acd74c14bfeb5be9\kotlinx-serialization-json-jvm-1.8.1.jar;C:\Users\LukynkaCZE\scoop\apps\gradle\current\.gradle\caches\modules-2\files-2.1\org.jetbrains.kotlinx\kotlinx-serialization-core-jvm\1.8.1\510cb839cce9a3e708052d480a6fbf4a7274dfcd\kotlinx-serialization-core-jvm-1.8.1.jar;C:\Users\LukynkaCZE\scoop\apps\gradle\current\.gradle\caches\modules-2\files-2.1\org.jetbrains\annotations\23.0.0\8cc20c07506ec18e0834947b84a864bfc094484e\annotations-23.0.0.jar;C:\Users\LukynkaCZE\scoop\apps\gradle\current\.gradle\caches\modules-2\files-2.1\com.google.errorprone\error_prone_annotations\2.38.0\fc0ae991433e8590ba51cd558421478318a74c8c\error_prone_annotations-2.38.0.jar;C:\Users\LukynkaCZE\scoop\apps\gradle\current\.gradle\caches\modules-2\files-2.1\net.kyori\adventure-text-serializer-commons\4.21.0\5db2daa44fb995d19931b0c906fe20504752d9ec\adventure-text-serializer-commons-4.21.0.jar;C:\Users\LukynkaCZE\scoop\apps\gradle\current\.gradle\caches\modules-2\files-2.1\com.squareup.okio\okio-jvm\3.1.0\ec352b5ea894772fbd9fce9d028c8cda06de0dab\okio-jvm-3.1.0.jar;C:\Users\LukynkaCZE\scoop\apps\gradle\current\.gradle\caches\modules-2\files-2.1\org.fusesource.jansi\jansi\2.4.1\d5774f204d990c9f5da2809b88f928515577beb4\jansi-2.4.1.jar;C:\Users\LukynkaCZE\scoop\apps\gradle\current\.gradle\caches\modules-2\files-2.1\org.jetbrains.kotlin\kotlin-stdlib-jdk8\1.8.0\ed04f49e186a116753ad70d34f0ac2925d1d8020\kotlin-stdlib-jdk8-1.8.0.jar;C:\Users\LukynkaCZE\scoop\apps\gradle\current\.gradle\caches\modules-2\files-2.1\org.jetbrains.kotlin\kotlin-stdlib-jdk7\1.8.0\3c91271347f678c239607abb676d4032a7898427\kotlin-stdlib-jdk7-1.8.0.jar;C:\Program Files\JetBrains\IntelliJ IDEA Community Edition 2025.1.1.1\lib\idea_rt.jar
Launcher Type: SUN_STANDARD

[Global flags]
     bool AllowEnhancedClassRedefinition           = true                                      {product} {command line}
     intx CICompilerCount                          = 4                                         {product} {ergonomic}
     uint ConcGCThreads                            = 3                                         {product} {ergonomic}
     bool EnableDynamicAgentLoading                = true                                      {product} {command line}
     uint G1ConcRefinementThreads                  = 10                                        {product} {ergonomic}
   size_t G1HeapRegionSize                         = 2097152                                   {product} {ergonomic}
    uintx GCDrainStackTargetSize                   = 64                                        {product} {ergonomic}
   size_t InitialHeapSize                          = 268435456                                 {product} {ergonomic}
   size_t MarkStackSize                            = 4194304                                   {product} {ergonomic}
   size_t MaxHeapSize                              = 4271898624                                {product} {ergonomic}
   size_t MaxNewSize                               = 2562719744                                {product} {ergonomic}
   size_t MinHeapDeltaBytes                        = 2097152                                   {product} {ergonomic}
   size_t MinHeapSize                              = 8388608                                   {product} {ergonomic}
    uintx NonNMethodCodeHeapSize                   = 5839372                                {pd product} {ergonomic}
    uintx NonProfiledCodeHeapSize                  = 122909434                              {pd product} {ergonomic}
    uintx ProfiledCodeHeapSize                     = 122909434                              {pd product} {ergonomic}
    uintx ReservedCodeCacheSize                    = 251658240                              {pd product} {ergonomic}
     bool SegmentedCodeCache                       = true                                      {product} {ergonomic}
   size_t SoftMaxHeapSize                          = 4271898624                             {manageable} {ergonomic}
     bool UseCompressedOops                        = true                           {product lp64_product} {ergonomic}
     bool UseG1GC                                  = true                                      {product} {ergonomic}
     bool UseLargePagesIndividualAllocation        = false                                  {pd product} {ergonomic}

Logging:
Log output configuration:
 #0: stdout all=warning uptime,level,tags foldmultilines=false
 #1: stderr all=off uptime,level,tags foldmultilines=false

Environment Variables:
PATH=C:\Program Files\Alacritty\;C:\Users\LukynkaCZE\Documents\openjdk-23.0.1_windows-x64_bin\jdk-23.0.1\bin;C:\Program Files\Common Files\Oracle\Java\javapath;C:\Program Files (x86)\Common Files\Oracle\Java\javapath;C:\WINDOWS\system32;C:\WINDOWS;C:\WINDOWS\System32\Wbem;C:\WINDOWS\System32\WindowsPowerShell\v1.0\;C:\WINDOWS\System32\OpenSSH\;C:\Program Files\dotnet\;C:\Program Files (x86)\QuickTime\QTSystem\;C:\Program Files\nodejs\;C:\ProgramData\chocolatey\bin;C:\Program Files\Windows MIDI Services\;C:\Program Files\Windows MIDI Services\Tools\Console\;C:\Program Files\Git\cmd;C:\Program Files\Tailscale\;;C:\Program Files\NVIDIA Corporation\NVIDIA app\NvDLISR;C:\Program Files (x86)\NVIDIA Corporation\PhysX\Common;C:\Program Files (x86)\cloudflared\;C:\Users\LukynkaCZE\scoop\apps\yarn\current\global\node_modules\.bin;C:\Users\LukynkaCZE\scoop\apps\yarn\current\bin;C:\Users\LukynkaCZE\scoop\apps\python\current\Scripts;C:\Users\LukynkaCZE\scoop\apps\python\current;C:\Users\LukynkaCZE\scoop\apps\postgresql\current\bin;C:\Users\LukynkaCZE\AppData\Local\pnpm;C:\Users\LukynkaCZE\.cargo\bin;C:\Users\LukynkaCZE\scoop\apps\gcc\current\bin;C:\Users\LukynkaCZE\scoop\shims;C:\Users\LukynkaCZE\AppData\Local\Microsoft\WindowsApps;C:\Program Files\JetBrains\JetBrains Rider 2022.3.1\bin;C:\Users\LukynkaCZE\.dotnet\tools;C:\Users\LukynkaCZE\AppData\Local\Programs\Microsoft VS Code\bin;C:\Users\LukynkaCZE\AppData\Local\spicetify;C:\Program Files\qemu;C:\Users\LukynkaCZE\AppData\Local\Programs\oh-my-posh\bin;C:\Program Files\JetBrains\PyCharm Community Edition 2023.2\bin;C:\Users\LukynkaCZE\Documents\KeyboardTools;C:\Users\LukynkaCZE\AppData\Local\JetBrains\Toolbox\scripts;C:\Users\LukynkaCZE\AppData\Roaming\npm;C:\Users\LukynkaCZE\.dotnet\tools;C:\Program Files\JetBrains\IntelliJ IDEA Community Edition 2025.1.1.1\bin;;C:\Users\LukynkaCZE\AppData\Local\Microsoft\WindowsApps;;C:\Program Files\JetBrains\JetBrains Rider 2024.3.4\bin;;C:\Program Files\JetBrains\RustRover 2024.3.7\bin;
USERNAME=LukynkaCZE
OS=Windows_NT
PROCESSOR_IDENTIFIER=Intel64 Family 6 Model 165 Stepping 3, GenuineIntel
TMP=C:\Users\LUKYNK~1\AppData\Local\Temp
TEMP=C:\Users\LUKYNK~1\AppData\Local\Temp




Periodic native trim disabled

JNI global refs:
JNI global refs: 34, weak refs: 1132

JNI global refs memory usage: 7851, weak refs: 11769

Process memory usage:
Resident Set Size: 121208K (0% of 16683936K total physical memory with 2142008K free physical memory)

OOME stack traces (most recent first):
Classloader memory used:
Loader bootstrap                                                                       : 3491K
Loader jdk.internal.loader.ClassLoaders$AppClassLoader                                 : 87424B
Loader jdk.internal.loader.ClassLoaders$PlatformClassLoader                            : 2776B

Classes loaded by more than one classloader:
Class java.lang.IllegalMonitorStateException                                          : loaded 2 times (x 78B)
Class java.lang.InternalError                                                         : loaded 2 times (x 78B)
Class java.lang.OutOfMemoryError                                                      : loaded 2 times (x 78B)
Class java.lang.ArrayStoreException                                                   : loaded 2 times (x 78B)
Class java.io.IOException                                                             : loaded 2 times (x 78B)
Class java.lang.Exception                                                             : loaded 2 times (x 78B)
Class java.lang.ClassNotFoundException                                                : loaded 2 times (x 79B)
Class java.lang.ReflectiveOperationException                                          : loaded 2 times (x 78B)
Class java.lang.VirtualMachineError                                                   : loaded 2 times (x 78B)
Class java.lang.IllegalArgumentException                                              : loaded 2 times (x 78B)
Class java.lang.Error                                                                 : loaded 2 times (x 78B)
Class java.lang.InterruptedException                                                  : loaded 2 times (x 78B)
Class java.lang.LinkageError                                                          : loaded 2 times (x 78B)
Class java.lang.NoSuchMethodError                                                     : loaded 2 times (x 78B)
Class java.lang.ClassCastException                                                    : loaded 2 times (x 78B)
Class java.lang.IncompatibleClassChangeError                                          : loaded 2 times (x 78B)
Class java.lang.BootstrapMethodError                                                  : loaded 2 times (x 78B)
Class java.lang.NoSuchMethodException                                                 : loaded 2 times (x 78B)
Class java.lang.NoClassDefFoundError                                                  : loaded 2 times (x 78B)
Class java.lang.NullPointerException                                                  : loaded 2 times (x 79B)
Class java.lang.StackOverflowError                                                    : loaded 2 times (x 78B)
Class java.lang.RuntimeException                                                      : loaded 2 times (x 78B)
Class java.lang.NoSuchFieldException                                                  : loaded 2 times (x 78B)
Class java.lang.ArithmeticException                                                   : loaded 2 times (x 78B)
Class java.lang.Throwable                                                             : loaded 2 times (x 78B)

---------------  S Y S T E M  ---------------

OS:
 Windows 11 , 64 bit Build 26100 (10.0.26100.5670)
OS uptime: 0 days 5:15 hours
Hyper-V role detected

CPU: total 12 (initial active 12) (6 cores per cpu, 2 threads per core) family 6 model 165 stepping 3 microcode 0xe0, cx8, cmov, fxsr, ht, mmx, 3dnowpref, sse, sse2, sse3, ssse3, sse4.1, sse4.2, popcnt, lzcnt, tsc, tscinvbit, avx, avx2, aes, erms, clmul, bmi1, bmi2, adx, fma, vzeroupper, clflush, clflushopt, hv, rdtscp, f16c
Processor Information for the first 12 processors :
  Max Mhz: 2904, Current Mhz: 2904, Mhz Limit: 2904

Memory: 4k page, system-wide physical 16292M (2091M free)
TotalPageFile size 31652M (AvailPageFile size 8562M)
current process WorkingSet (physical memory assigned to process): 118M, peak: 118M
current process commit charge ("private bytes"): 412M, peak: 412M

vm_info: OpenJDK 64-Bit Server VM (21.0.7+6-b1020.35) for windows-amd64 JRE (21.0.7+6-b1020.35), built on 2025-05-24 by "builduser" with MS VC++ 16.10 / 16.11 (VS2019)

END.
